#
# A fatal error has been detected by the Java Runtime Environment:
#
#  SIGFPE (0x8) at pc=0x00007f1a18cda31c (sent by kill), pid=39099, tid=39099
#
# JRE version: OpenJDK Runtime Environment (11.0.11+9) (build 11.0.11+9-Ubuntu-0ubuntu2)
# Java VM: OpenJDK 64-Bit Server VM (11.0.11+9-Ubuntu-0ubuntu2, mixed mode, sharing, tiered, compressed oops, g1 gc, linux-amd64)
# Problematic frame:
# C  [libpthread.so.0+0x1631c]  __futex_abstimed_wait_cancelable64+0xfc
#
# Core dump will be written. Default location: Core dumps may be processed with "/usr/share/apport/apport %p %s %c %d %P %E" (or dumping to /home/lilith/NetBeansProjects/hospital_contact/core.39099)
#
# If you would like to submit a bug report, please visit:
#   https://bugs.launchpad.net/ubuntu/+source/openjdk-lts
#

---------------  S U M M A R Y ------------

Command Line: -Dclassworlds.conf=/snap/netbeans/45/netbeans/java/maven/bin/m2.conf -Dmaven.home=/snap/netbeans/45/netbeans/java/maven -Dlibrary.jansi.path=/snap/netbeans/45/netbeans/java/maven/lib/jansi-native -Dmaven.multiModuleProjectDirectory=/home/lilith/NetBeansProjects/hospital_contact org.codehaus.plexus.classworlds.launcher.Launcher -Dexec.args=-classpath %classpath hospital.Contact -Dexec.executable=/usr/lib/jvm/java-11-openjdk-amd64/bin/java -Dmaven.ext.class.path=/snap/netbeans/45/netbeans/java/maven-nblib/netbeans-eventspy.jar org.codehaus.mojo:exec-maven-plugin:3.0.0:exec

Host: Intel(R) Core(TM) i7-7820HQ CPU @ 2.90GHz, 8 cores, 31G, Ubuntu 21.04
Time: Mon May 17 15:56:27 2021 +04 elapsed time: 54.560732 seconds (0d 0h 0m 54s)

---------------  T H R E A D  ---------------

Current thread is native thread

Stack: [0x00007ffe6f2da000,0x00007ffe6fad9000],  sp=0x00007ffe6fad4610,  free space=8169k
Native frames: (J=compiled Java code, A=aot compiled Java code, j=interpreted, Vv=VM code, C=native code)
C  [libpthread.so.0+0x1631c]  __futex_abstimed_wait_cancelable64+0xfc

[error occurred during error reporting (printing native stack), id 0xb, SIGSEGV (0xb) at pc=0x00007f1a185e3457]


siginfo: si_signo: 8 (SIGFPE), si_code: 0 (SI_USER), si_pid: 42017, si_uid: 1912618165

Register to memory mapping:

RAX=
[error occurred during error reporting (printing register info), id 0xb, SIGSEGV (0xb) at pc=0x00007f1a1883db0c]

Registers:
RAX=0x00000000000000ca, RBX=0x00007f1a17698640, RCX=0x00007f1a18cda31e, RDX=0x00000000000098cb
RSP=0x00007ffe6fad4610, RBP=0x0000000000000000, RSI=0x0000000000000109, RDI=0x00007f1a17698910
R8 =0x0000000000000000, R9 =0x00000000ffffffff, R10=0x0000000000000000, R11=0x0000000000000246
R12=0x00000000000098cb, R13=0x00007f1a17698910, R14=0x0000000000000000, R15=0x0000000000000000
RIP=0x00007f1a18cda31c, EFLAGS=0x0000000000000246, CSGSFS=0x002b000000000033, ERR=0x0000000000000004
  TRAPNO=0x000000000000000e

Top of Stack: (sp=0x00007ffe6fad4610)
0x00007ffe6fad4610:   ffffffffffffffff 000055e300000109
0x00007ffe6fad4620:   00007f1a17698910 0000000000000000
0x00007ffe6fad4630:   0000000000000000 00007ffe6fad46d8
0x00007ffe6fad4640:   00007ffe6fad46f0 00007f1a18cce984 

Instructions: (pc=0x00007f1a18cda31c)
0x00007f1a18cda21c:   0f 1f 40 00 f3 0f 1e fa 41 54 49 89 ca 41 89 f4
0x00007f1a18cda22c:   55 48 83 ec 28 48 85 c9 0f 85 96 00 00 00 83 fa
0x00007f1a18cda23c:   01 0f 87 7d 00 00 00 19 f6 81 e6 00 01 00 00 81
0x00007f1a18cda24c:   c6 89 00 00 00 44 31 c6 64 8b 04 25 18 00 00 00
0x00007f1a18cda25c:   85 c0 0f 85 84 00 00 00 41 b9 ff ff ff ff 45 31
0x00007f1a18cda26c:   c0 44 89 e2 b8 ca 00 00 00 0f 05 89 c2 85 c0 7f
0x00007f1a18cda27c:   17 83 f8 ea 7c 1e 8d 48 16 b8 01 00 00 00 48 d3
0x00007f1a18cda28c:   e0 a9 01 08 44 00 75 16 48 8d 3d 65 0d 00 00 e8
0x00007f1a18cda29c:   60 13 ff ff 83 f8 92 74 05 83 f8 b5 75 ea 89 d0
0x00007f1a18cda2ac:   f7 d8 48 83 c4 28 5d 41 5c c3 66 2e 0f 1f 84 00
0x00007f1a18cda2bc:   00 00 00 00 48 83 c4 28 b8 16 00 00 00 5d 41 5c
0x00007f1a18cda2cc:   c3 0f 1f 00 48 83 39 00 0f 89 60 ff ff ff b8 6e
0x00007f1a18cda2dc:   00 00 00 eb cd 0f 1f 80 00 00 00 00 4c 89 54 24
0x00007f1a18cda2ec:   18 48 89 7c 24 10 89 74 24 08 e8 25 cb ff ff 4c
0x00007f1a18cda2fc:   8b 54 24 18 45 31 c0 44 89 e2 89 c5 8b 74 24 08
0x00007f1a18cda30c:   48 8b 7c 24 10 41 b9 ff ff ff ff b8 ca 00 00 00
0x00007f1a18cda31c:   0f 05 89 ef 48 89 44 24 08 e8 76 cb ff ff 48 8b
0x00007f1a18cda32c:   44 24 08 e9 43 ff ff ff f3 0f 1e fa 48 83 ec 08
0x00007f1a18cda33c:   48 83 c4 08 c3 00 00 00 00 00 00 00 00 00 00 00
0x00007f1a18cda34c:   00 00 00 00 00 00 00 00 00 00 00 00 00 00 00 00
0x00007f1a18cda35c:   00 00 00 00 00 00 00 00 00 00 00 00 00 00 00 00
0x00007f1a18cda36c:   00 00 00 00 00 00 00 00 00 00 00 00 00 00 00 00
0x00007f1a18cda37c:   00 00 00 00 00 00 00 00 00 00 00 00 00 00 00 00
0x00007f1a18cda38c:   00 00 00 00 00 00 00 00 00 00 00 00 00 00 00 00
0x00007f1a18cda39c:   00 00 00 00 00 00 00 00 00 00 00 00 00 00 00 00
0x00007f1a18cda3ac:   00 00 00 00 00 00 00 00 00 00 00 00 00 00 00 00
0x00007f1a18cda3bc:   00 00 00 00 00 00 00 00 00 00 00 00 00 00 00 00
0x00007f1a18cda3cc:   00 00 00 00 00 00 00 00 00 00 00 00 00 00 00 00
0x00007f1a18cda3dc:   00 00 00 00 00 00 00 00 00 00 00 00 00 00 00 00
0x00007f1a18cda3ec:   00 00 00 00 00 00 00 00 00 00 00 00 00 00 00 00
0x00007f1a18cda3fc:   00 00 00 00 00 00 00 00 00 00 00 00 00 00 00 00
0x00007f1a18cda40c:   00 00 00 00 00 00 00 00 00 00 00 00 00 00 00 00 


Stack slot to memory mapping:
stack at sp + 0 slots: 
[error occurred during error reporting (inspecting top of stack), id 0xb, SIGSEGV (0xb) at pc=0x00007f1a1883db0c]


---------------  P R O C E S S  ---------------

VM state:not at safepoint (normal execution)

VM Mutex/Monitor currently owned by a thread: None

Heap address: 0x000000060c400000, size: 7996 MB, Compressed Oops mode: Zero based, Oop shift amount: 3
Narrow klass base: 0x0000000800000000, Narrow klass shift: 3
Compressed class space size: 1073741824 Address: 0x0000000840000000

Heap:
 garbage-first heap   total 516096K, used 153244K [0x000000060c400000, 0x0000000800000000)
  region size 2048K, 76 young (155648K), 2 survivors (4096K)
 Metaspace       used 15071K, capacity 16268K, committed 16512K, reserved 1064960K
  class space    used 1687K, capacity 1920K, committed 1920K, reserved 1048576K
Heap Regions: E=young(eden), S=young(survivor), O=old, HS=humongous(starts), HC=humongous(continues), CS=collection set, F=free, A=archive, TAMS=top-at-mark-start (previous, next)
|   0|0x000000060c400000, 0x000000060c400000, 0x000000060c600000|  0%| F|  |TAMS 0x000000060c400000, 0x000000060c400000| Untracked 
|   1|0x000000060c600000, 0x000000060c600000, 0x000000060c800000|  0%| F|  |TAMS 0x000000060c600000, 0x000000060c600000| Untracked 
|   2|0x000000060c800000, 0x000000060c800000, 0x000000060ca00000|  0%| F|  |TAMS 0x000000060c800000, 0x000000060c800000| Untracked 
|   3|0x000000060ca00000, 0x000000060ca00000, 0x000000060cc00000|  0%| F|  |TAMS 0x000000060ca00000, 0x000000060ca00000| Untracked 
|   4|0x000000060cc00000, 0x000000060cc00000, 0x000000060ce00000|  0%| F|  |TAMS 0x000000060cc00000, 0x000000060cc00000| Untracked 
|   5|0x000000060ce00000, 0x000000060ce00000, 0x000000060d000000|  0%| F|  |TAMS 0x000000060ce00000, 0x000000060ce00000| Untracked 
|   6|0x000000060d000000, 0x000000060d000000, 0x000000060d200000|  0%| F|  |TAMS 0x000000060d000000, 0x000000060d000000| Untracked 
|   7|0x000000060d200000, 0x000000060d200000, 0x000000060d400000|  0%| F|  |TAMS 0x000000060d200000, 0x000000060d200000| Untracked 
|   8|0x000000060d400000, 0x000000060d400000, 0x000000060d600000|  0%| F|  |TAMS 0x000000060d400000, 0x000000060d400000| Untracked 
|   9|0x000000060d600000, 0x000000060d600000, 0x000000060d800000|  0%| F|  |TAMS 0x000000060d600000, 0x000000060d600000| Untracked 
|  10|0x000000060d800000, 0x000000060d800000, 0x000000060da00000|  0%| F|  |TAMS 0x000000060d800000, 0x000000060d800000| Untracked 
|  11|0x000000060da00000, 0x000000060da00000, 0x000000060dc00000|  0%| F|  |TAMS 0x000000060da00000, 0x000000060da00000| Untracked 
|  12|0x000000060dc00000, 0x000000060dc00000, 0x000000060de00000|  0%| F|  |TAMS 0x000000060dc00000, 0x000000060dc00000| Untracked 
|  13|0x000000060de00000, 0x000000060de00000, 0x000000060e000000|  0%| F|  |TAMS 0x000000060de00000, 0x000000060de00000| Untracked 
|  14|0x000000060e000000, 0x000000060e000000, 0x000000060e200000|  0%| F|  |TAMS 0x000000060e000000, 0x000000060e000000| Untracked 
|  15|0x000000060e200000, 0x000000060e200000, 0x000000060e400000|  0%| F|  |TAMS 0x000000060e200000, 0x000000060e200000| Untracked 
|  16|0x000000060e400000, 0x000000060e400000, 0x000000060e600000|  0%| F|  |TAMS 0x000000060e400000, 0x000000060e400000| Untracked 
|  17|0x000000060e600000, 0x000000060e600000, 0x000000060e800000|  0%| F|  |TAMS 0x000000060e600000, 0x000000060e600000| Untracked 
|  18|0x000000060e800000, 0x000000060e800000, 0x000000060ea00000|  0%| F|  |TAMS 0x000000060e800000, 0x000000060e800000| Untracked 
|  19|0x000000060ea00000, 0x000000060ea00000, 0x000000060ec00000|  0%| F|  |TAMS 0x000000060ea00000, 0x000000060ea00000| Untracked 
|  20|0x000000060ec00000, 0x000000060ec00000, 0x000000060ee00000|  0%| F|  |TAMS 0x000000060ec00000, 0x000000060ec00000| Untracked 
|  21|0x000000060ee00000, 0x000000060ee00000, 0x000000060f000000|  0%| F|  |TAMS 0x000000060ee00000, 0x000000060ee00000| Untracked 
|  22|0x000000060f000000, 0x000000060f000000, 0x000000060f200000|  0%| F|  |TAMS 0x000000060f000000, 0x000000060f000000| Untracked 
|  23|0x000000060f200000, 0x000000060f200000, 0x000000060f400000|  0%| F|  |TAMS 0x000000060f200000, 0x000000060f200000| Untracked 
|  24|0x000000060f400000, 0x000000060f400000, 0x000000060f600000|  0%| F|  |TAMS 0x000000060f400000, 0x000000060f400000| Untracked 
|  25|0x000000060f600000, 0x000000060f600000, 0x000000060f800000|  0%| F|  |TAMS 0x000000060f600000, 0x000000060f600000| Untracked 
|  26|0x000000060f800000, 0x000000060f800000, 0x000000060fa00000|  0%| F|  |TAMS 0x000000060f800000, 0x000000060f800000| Untracked 
|  27|0x000000060fa00000, 0x000000060fa00000, 0x000000060fc00000|  0%| F|  |TAMS 0x000000060fa00000, 0x000000060fa00000| Untracked 
|  28|0x000000060fc00000, 0x000000060fc00000, 0x000000060fe00000|  0%| F|  |TAMS 0x000000060fc00000, 0x000000060fc00000| Untracked 
|  29|0x000000060fe00000, 0x000000060fe00000, 0x0000000610000000|  0%| F|  |TAMS 0x000000060fe00000, 0x000000060fe00000| Untracked 
|  30|0x0000000610000000, 0x0000000610000000, 0x0000000610200000|  0%| F|  |TAMS 0x0000000610000000, 0x0000000610000000| Untracked 
|  31|0x0000000610200000, 0x0000000610200000, 0x0000000610400000|  0%| F|  |TAMS 0x0000000610200000, 0x0000000610200000| Untracked 
|  32|0x0000000610400000, 0x0000000610400000, 0x0000000610600000|  0%| F|  |TAMS 0x0000000610400000, 0x0000000610400000| Untracked 
|  33|0x0000000610600000, 0x0000000610600000, 0x0000000610800000|  0%| F|  |TAMS 0x0000000610600000, 0x0000000610600000| Untracked 
|  34|0x0000000610800000, 0x0000000610800000, 0x0000000610a00000|  0%| F|  |TAMS 0x0000000610800000, 0x0000000610800000| Untracked 
|  35|0x0000000610a00000, 0x0000000610a00000, 0x0000000610c00000|  0%| F|  |TAMS 0x0000000610a00000, 0x0000000610a00000| Untracked 
|  36|0x0000000610c00000, 0x0000000610c00000, 0x0000000610e00000|  0%| F|  |TAMS 0x0000000610c00000, 0x0000000610c00000| Untracked 
|  37|0x0000000610e00000, 0x0000000610e00000, 0x0000000611000000|  0%| F|  |TAMS 0x0000000610e00000, 0x0000000610e00000| Untracked 
|  38|0x0000000611000000, 0x0000000611000000, 0x0000000611200000|  0%| F|  |TAMS 0x0000000611000000, 0x0000000611000000| Untracked 
|  39|0x0000000611200000, 0x0000000611200000, 0x0000000611400000|  0%| F|  |TAMS 0x0000000611200000, 0x0000000611200000| Untracked 
|  40|0x0000000611400000, 0x0000000611400000, 0x0000000611600000|  0%| F|  |TAMS 0x0000000611400000, 0x0000000611400000| Untracked 
|  41|0x0000000611600000, 0x0000000611600000, 0x0000000611800000|  0%| F|  |TAMS 0x0000000611600000, 0x0000000611600000| Untracked 
|  42|0x0000000611800000, 0x0000000611800000, 0x0000000611a00000|  0%| F|  |TAMS 0x0000000611800000, 0x0000000611800000| Untracked 
|  43|0x0000000611a00000, 0x0000000611a00000, 0x0000000611c00000|  0%| F|  |TAMS 0x0000000611a00000, 0x0000000611a00000| Untracked 
|  44|0x0000000611c00000, 0x0000000611c00000, 0x0000000611e00000|  0%| F|  |TAMS 0x0000000611c00000, 0x0000000611c00000| Untracked 
|  45|0x0000000611e00000, 0x0000000611e00000, 0x0000000612000000|  0%| F|  |TAMS 0x0000000611e00000, 0x0000000611e00000| Untracked 
|  46|0x0000000612000000, 0x0000000612000000, 0x0000000612200000|  0%| F|  |TAMS 0x0000000612000000, 0x0000000612000000| Untracked 
|  47|0x0000000612200000, 0x0000000612200000, 0x0000000612400000|  0%| F|  |TAMS 0x0000000612200000, 0x0000000612200000| Untracked 
|  48|0x0000000612400000, 0x0000000612400000, 0x0000000612600000|  0%| F|  |TAMS 0x0000000612400000, 0x0000000612400000| Untracked 
|  49|0x0000000612600000, 0x0000000612600000, 0x0000000612800000|  0%| F|  |TAMS 0x0000000612600000, 0x0000000612600000| Untracked 
|  50|0x0000000612800000, 0x0000000612800000, 0x0000000612a00000|  0%| F|  |TAMS 0x0000000612800000, 0x0000000612800000| Untracked 
|  51|0x0000000612a00000, 0x0000000612a00000, 0x0000000612c00000|  0%| F|  |TAMS 0x0000000612a00000, 0x0000000612a00000| Untracked 
|  52|0x0000000612c00000, 0x0000000612c00000, 0x0000000612e00000|  0%| F|  |TAMS 0x0000000612c00000, 0x0000000612c00000| Untracked 
|  53|0x0000000612e00000, 0x0000000612e00000, 0x0000000613000000|  0%| F|  |TAMS 0x0000000612e00000, 0x0000000612e00000| Untracked 
|  54|0x0000000613000000, 0x0000000613000000, 0x0000000613200000|  0%| F|  |TAMS 0x0000000613000000, 0x0000000613000000| Untracked 
|  55|0x0000000613200000, 0x0000000613200000, 0x0000000613400000|  0%| F|  |TAMS 0x0000000613200000, 0x0000000613200000| Untracked 
|  56|0x0000000613400000, 0x0000000613400000, 0x0000000613600000|  0%| F|  |TAMS 0x0000000613400000, 0x0000000613400000| Untracked 
|  57|0x0000000613600000, 0x0000000613600000, 0x0000000613800000|  0%| F|  |TAMS 0x0000000613600000, 0x0000000613600000| Untracked 
|  58|0x0000000613800000, 0x0000000613800000, 0x0000000613a00000|  0%| F|  |TAMS 0x0000000613800000, 0x0000000613800000| Untracked 
|  59|0x0000000613a00000, 0x0000000613a00000, 0x0000000613c00000|  0%| F|  |TAMS 0x0000000613a00000, 0x0000000613a00000| Untracked 
|  60|0x0000000613c00000, 0x0000000613c00000, 0x0000000613e00000|  0%| F|  |TAMS 0x0000000613c00000, 0x0000000613c00000| Untracked 
|  61|0x0000000613e00000, 0x0000000613e00000, 0x0000000614000000|  0%| F|  |TAMS 0x0000000613e00000, 0x0000000613e00000| Untracked 
|  62|0x0000000614000000, 0x0000000614000000, 0x0000000614200000|  0%| F|  |TAMS 0x0000000614000000, 0x0000000614000000| Untracked 
|  63|0x0000000614200000, 0x0000000614200000, 0x0000000614400000|  0%| F|  |TAMS 0x0000000614200000, 0x0000000614200000| Untracked 
|  64|0x0000000614400000, 0x0000000614400000, 0x0000000614600000|  0%| F|  |TAMS 0x0000000614400000, 0x0000000614400000| Untracked 
|  65|0x0000000614600000, 0x0000000614600000, 0x0000000614800000|  0%| F|  |TAMS 0x0000000614600000, 0x0000000614600000| Untracked 
|  66|0x0000000614800000, 0x0000000614800000, 0x0000000614a00000|  0%| F|  |TAMS 0x0000000614800000, 0x0000000614800000| Untracked 
|  67|0x0000000614a00000, 0x0000000614a00000, 0x0000000614c00000|  0%| F|  |TAMS 0x0000000614a00000, 0x0000000614a00000| Untracked 
|  68|0x0000000614c00000, 0x0000000614c00000, 0x0000000614e00000|  0%| F|  |TAMS 0x0000000614c00000, 0x0000000614c00000| Untracked 
|  69|0x0000000614e00000, 0x0000000614e00000, 0x0000000615000000|  0%| F|  |TAMS 0x0000000614e00000, 0x0000000614e00000| Untracked 
|  70|0x0000000615000000, 0x0000000615000000, 0x0000000615200000|  0%| F|  |TAMS 0x0000000615000000, 0x0000000615000000| Untracked 
|  71|0x0000000615200000, 0x0000000615200000, 0x0000000615400000|  0%| F|  |TAMS 0x0000000615200000, 0x0000000615200000| Untracked 
|  72|0x0000000615400000, 0x0000000615400000, 0x0000000615600000|  0%| F|  |TAMS 0x0000000615400000, 0x0000000615400000| Untracked 
|  73|0x0000000615600000, 0x0000000615600000, 0x0000000615800000|  0%| F|  |TAMS 0x0000000615600000, 0x0000000615600000| Untracked 
|  74|0x0000000615800000, 0x0000000615800000, 0x0000000615a00000|  0%| F|  |TAMS 0x0000000615800000, 0x0000000615800000| Untracked 
|  75|0x0000000615a00000, 0x0000000615a00000, 0x0000000615c00000|  0%| F|  |TAMS 0x0000000615a00000, 0x0000000615a00000| Untracked 
|  76|0x0000000615c00000, 0x0000000615c00000, 0x0000000615e00000|  0%| F|  |TAMS 0x0000000615c00000, 0x0000000615c00000| Untracked 
|  77|0x0000000615e00000, 0x0000000615e00000, 0x0000000616000000|  0%| F|  |TAMS 0x0000000615e00000, 0x0000000615e00000| Untracked 
|  78|0x0000000616000000, 0x0000000616000000, 0x0000000616200000|  0%| F|  |TAMS 0x0000000616000000, 0x0000000616000000| Untracked 
|  79|0x0000000616200000, 0x0000000616200000, 0x0000000616400000|  0%| F|  |TAMS 0x0000000616200000, 0x0000000616200000| Untracked 
|  80|0x0000000616400000, 0x0000000616400000, 0x0000000616600000|  0%| F|  |TAMS 0x0000000616400000, 0x0000000616400000| Untracked 
|  81|0x0000000616600000, 0x0000000616600000, 0x0000000616800000|  0%| F|  |TAMS 0x0000000616600000, 0x0000000616600000| Untracked 
|  82|0x0000000616800000, 0x0000000616800000, 0x0000000616a00000|  0%| F|  |TAMS 0x0000000616800000, 0x0000000616800000| Untracked 
|  83|0x0000000616a00000, 0x0000000616a00000, 0x0000000616c00000|  0%| F|  |TAMS 0x0000000616a00000, 0x0000000616a00000| Untracked 
|  84|0x0000000616c00000, 0x0000000616c00000, 0x0000000616e00000|  0%| F|  |TAMS 0x0000000616c00000, 0x0000000616c00000| Untracked 
|  85|0x0000000616e00000, 0x0000000616e00000, 0x0000000617000000|  0%| F|  |TAMS 0x0000000616e00000, 0x0000000616e00000| Untracked 
|  86|0x0000000617000000, 0x0000000617000000, 0x0000000617200000|  0%| F|  |TAMS 0x0000000617000000, 0x0000000617000000| Untracked 
|  87|0x0000000617200000, 0x0000000617200000, 0x0000000617400000|  0%| F|  |TAMS 0x0000000617200000, 0x0000000617200000| Untracked 
|  88|0x0000000617400000, 0x0000000617400000, 0x0000000617600000|  0%| F|  |TAMS 0x0000000617400000, 0x0000000617400000| Untracked 
|  89|0x0000000617600000, 0x0000000617600000, 0x0000000617800000|  0%| F|  |TAMS 0x0000000617600000, 0x0000000617600000| Untracked 
|  90|0x0000000617800000, 0x0000000617800000, 0x0000000617a00000|  0%| F|  |TAMS 0x0000000617800000, 0x0000000617800000| Untracked 
|  91|0x0000000617a00000, 0x0000000617a00000, 0x0000000617c00000|  0%| F|  |TAMS 0x0000000617a00000, 0x0000000617a00000| Untracked 
|  92|0x0000000617c00000, 0x0000000617c00000, 0x0000000617e00000|  0%| F|  |TAMS 0x0000000617c00000, 0x0000000617c00000| Untracked 
|  93|0x0000000617e00000, 0x0000000617e00000, 0x0000000618000000|  0%| F|  |TAMS 0x0000000617e00000, 0x0000000617e00000| Untracked 
|  94|0x0000000618000000, 0x0000000618000000, 0x0000000618200000|  0%| F|  |TAMS 0x0000000618000000, 0x0000000618000000| Untracked 
|  95|0x0000000618200000, 0x0000000618200000, 0x0000000618400000|  0%| F|  |TAMS 0x0000000618200000, 0x0000000618200000| Untracked 
|  96|0x0000000618400000, 0x0000000618400000, 0x0000000618600000|  0%| F|  |TAMS 0x0000000618400000, 0x0000000618400000| Untracked 
|  97|0x0000000618600000, 0x0000000618600000, 0x0000000618800000|  0%| F|  |TAMS 0x0000000618600000, 0x0000000618600000| Untracked 
|  98|0x0000000618800000, 0x0000000618800000, 0x0000000618a00000|  0%| F|  |TAMS 0x0000000618800000, 0x0000000618800000| Untracked 
|  99|0x0000000618a00000, 0x0000000618a00000, 0x0000000618c00000|  0%| F|  |TAMS 0x0000000618a00000, 0x0000000618a00000| Untracked 
| 100|0x0000000618c00000, 0x0000000618c00000, 0x0000000618e00000|  0%| F|  |TAMS 0x0000000618c00000, 0x0000000618c00000| Untracked 
| 101|0x0000000618e00000, 0x0000000618e00000, 0x0000000619000000|  0%| F|  |TAMS 0x0000000618e00000, 0x0000000618e00000| Untracked 
| 102|0x0000000619000000, 0x0000000619000000, 0x0000000619200000|  0%| F|  |TAMS 0x0000000619000000, 0x0000000619000000| Untracked 
| 103|0x0000000619200000, 0x0000000619200000, 0x0000000619400000|  0%| F|  |TAMS 0x0000000619200000, 0x0000000619200000| Untracked 
| 104|0x0000000619400000, 0x0000000619400000, 0x0000000619600000|  0%| F|  |TAMS 0x0000000619400000, 0x0000000619400000| Untracked 
| 105|0x0000000619600000, 0x0000000619600000, 0x0000000619800000|  0%| F|  |TAMS 0x0000000619600000, 0x0000000619600000| Untracked 
| 106|0x0000000619800000, 0x0000000619800000, 0x0000000619a00000|  0%| F|  |TAMS 0x0000000619800000, 0x0000000619800000| Untracked 
| 107|0x0000000619a00000, 0x0000000619a00000, 0x0000000619c00000|  0%| F|  |TAMS 0x0000000619a00000, 0x0000000619a00000| Untracked 
| 108|0x0000000619c00000, 0x0000000619c00000, 0x0000000619e00000|  0%| F|  |TAMS 0x0000000619c00000, 0x0000000619c00000| Untracked 
| 109|0x0000000619e00000, 0x0000000619e00000, 0x000000061a000000|  0%| F|  |TAMS 0x0000000619e00000, 0x0000000619e00000| Untracked 
| 110|0x000000061a000000, 0x000000061a000000, 0x000000061a200000|  0%| F|  |TAMS 0x000000061a000000, 0x000000061a000000| Untracked 
| 111|0x000000061a200000, 0x000000061a200000, 0x000000061a400000|  0%| F|  |TAMS 0x000000061a200000, 0x000000061a200000| Untracked 
| 112|0x000000061a400000, 0x000000061a400000, 0x000000061a600000|  0%| F|  |TAMS 0x000000061a400000, 0x000000061a400000| Untracked 
| 113|0x000000061a600000, 0x000000061a600000, 0x000000061a800000|  0%| F|  |TAMS 0x000000061a600000, 0x000000061a600000| Untracked 
| 114|0x000000061a800000, 0x000000061a800000, 0x000000061aa00000|  0%| F|  |TAMS 0x000000061a800000, 0x000000061a800000| Untracked 
| 115|0x000000061aa00000, 0x000000061aa00000, 0x000000061ac00000|  0%| F|  |TAMS 0x000000061aa00000, 0x000000061aa00000| Untracked 
| 116|0x000000061ac00000, 0x000000061ac00000, 0x000000061ae00000|  0%| F|  |TAMS 0x000000061ac00000, 0x000000061ac00000| Untracked 
| 117|0x000000061ae00000, 0x000000061ae00000, 0x000000061b000000|  0%| F|  |TAMS 0x000000061ae00000, 0x000000061ae00000| Untracked 
| 118|0x000000061b000000, 0x000000061b000000, 0x000000061b200000|  0%| F|  |TAMS 0x000000061b000000, 0x000000061b000000| Untracked 
| 119|0x000000061b200000, 0x000000061b200000, 0x000000061b400000|  0%| F|  |TAMS 0x000000061b200000, 0x000000061b200000| Untracked 
| 120|0x000000061b400000, 0x000000061b400000, 0x000000061b600000|  0%| F|  |TAMS 0x000000061b400000, 0x000000061b400000| Untracked 
| 121|0x000000061b600000, 0x000000061b600000, 0x000000061b800000|  0%| F|  |TAMS 0x000000061b600000, 0x000000061b600000| Untracked 
| 122|0x000000061b800000, 0x000000061b800000, 0x000000061ba00000|  0%| F|  |TAMS 0x000000061b800000, 0x000000061b800000| Untracked 
| 123|0x000000061ba00000, 0x000000061ba00000, 0x000000061bc00000|  0%| F|  |TAMS 0x000000061ba00000, 0x000000061ba00000| Untracked 
| 124|0x000000061bc00000, 0x000000061bc00000, 0x000000061be00000|  0%| F|  |TAMS 0x000000061bc00000, 0x000000061bc00000| Untracked 
| 125|0x000000061be00000, 0x000000061be00000, 0x000000061c000000|  0%| F|  |TAMS 0x000000061be00000, 0x000000061be00000| Untracked 
| 126|0x000000061c000000, 0x000000061c000000, 0x000000061c200000|  0%| F|  |TAMS 0x000000061c000000, 0x000000061c000000| Untracked 
| 127|0x000000061c200000, 0x000000061c200000, 0x000000061c400000|  0%| F|  |TAMS 0x000000061c200000, 0x000000061c200000| Untracked 
| 128|0x000000061c400000, 0x000000061c400000, 0x000000061c600000|  0%| F|  |TAMS 0x000000061c400000, 0x000000061c400000| Untracked 
| 129|0x000000061c600000, 0x000000061c600000, 0x000000061c800000|  0%| F|  |TAMS 0x000000061c600000, 0x000000061c600000| Untracked 
| 130|0x000000061c800000, 0x000000061c800000, 0x000000061ca00000|  0%| F|  |TAMS 0x000000061c800000, 0x000000061c800000| Untracked 
| 131|0x000000061ca00000, 0x000000061ca00000, 0x000000061cc00000|  0%| F|  |TAMS 0x000000061ca00000, 0x000000061ca00000| Untracked 
| 132|0x000000061cc00000, 0x000000061cc00000, 0x000000061ce00000|  0%| F|  |TAMS 0x000000061cc00000, 0x000000061cc00000| Untracked 
| 133|0x000000061ce00000, 0x000000061ce00000, 0x000000061d000000|  0%| F|  |TAMS 0x000000061ce00000, 0x000000061ce00000| Untracked 
| 134|0x000000061d000000, 0x000000061d000000, 0x000000061d200000|  0%| F|  |TAMS 0x000000061d000000, 0x000000061d000000| Untracked 
| 135|0x000000061d200000, 0x000000061d200000, 0x000000061d400000|  0%| F|  |TAMS 0x000000061d200000, 0x000000061d200000| Untracked 
| 136|0x000000061d400000, 0x000000061d400000, 0x000000061d600000|  0%| F|  |TAMS 0x000000061d400000, 0x000000061d400000| Untracked 
| 137|0x000000061d600000, 0x000000061d600000, 0x000000061d800000|  0%| F|  |TAMS 0x000000061d600000, 0x000000061d600000| Untracked 
| 138|0x000000061d800000, 0x000000061d800000, 0x000000061da00000|  0%| F|  |TAMS 0x000000061d800000, 0x000000061d800000| Untracked 
| 139|0x000000061da00000, 0x000000061da00000, 0x000000061dc00000|  0%| F|  |TAMS 0x000000061da00000, 0x000000061da00000| Untracked 
| 140|0x000000061dc00000, 0x000000061dc00000, 0x000000061de00000|  0%| F|  |TAMS 0x000000061dc00000, 0x000000061dc00000| Untracked 
| 141|0x000000061de00000, 0x000000061de00000, 0x000000061e000000|  0%| F|  |TAMS 0x000000061de00000, 0x000000061de00000| Untracked 
| 142|0x000000061e000000, 0x000000061e000000, 0x000000061e200000|  0%| F|  |TAMS 0x000000061e000000, 0x000000061e000000| Untracked 
| 143|0x000000061e200000, 0x000000061e200000, 0x000000061e400000|  0%| F|  |TAMS 0x000000061e200000, 0x000000061e200000| Untracked 
| 144|0x000000061e400000, 0x000000061e400000, 0x000000061e600000|  0%| F|  |TAMS 0x000000061e400000, 0x000000061e400000| Untracked 
| 145|0x000000061e600000, 0x000000061e600000, 0x000000061e800000|  0%| F|  |TAMS 0x000000061e600000, 0x000000061e600000| Untracked 
| 146|0x000000061e800000, 0x000000061e800000, 0x000000061ea00000|  0%| F|  |TAMS 0x000000061e800000, 0x000000061e800000| Untracked 
| 147|0x000000061ea00000, 0x000000061ea00000, 0x000000061ec00000|  0%| F|  |TAMS 0x000000061ea00000, 0x000000061ea00000| Untracked 
| 148|0x000000061ec00000, 0x000000061ec00000, 0x000000061ee00000|  0%| F|  |TAMS 0x000000061ec00000, 0x000000061ec00000| Untracked 
| 149|0x000000061ee00000, 0x000000061ee00000, 0x000000061f000000|  0%| F|  |TAMS 0x000000061ee00000, 0x000000061ee00000| Untracked 
| 150|0x000000061f000000, 0x000000061f000000, 0x000000061f200000|  0%| F|  |TAMS 0x000000061f000000, 0x000000061f000000| Untracked 
| 151|0x000000061f200000, 0x000000061f200000, 0x000000061f400000|  0%| F|  |TAMS 0x000000061f200000, 0x000000061f200000| Untracked 
| 152|0x000000061f400000, 0x000000061f400000, 0x000000061f600000|  0%| F|  |TAMS 0x000000061f400000, 0x000000061f400000| Untracked 
| 153|0x000000061f600000, 0x000000061f600000, 0x000000061f800000|  0%| F|  |TAMS 0x000000061f600000, 0x000000061f600000| Untracked 
| 154|0x000000061f800000, 0x000000061f800000, 0x000000061fa00000|  0%| F|  |TAMS 0x000000061f800000, 0x000000061f800000| Untracked 
| 155|0x000000061fa00000, 0x000000061fa00000, 0x000000061fc00000|  0%| F|  |TAMS 0x000000061fa00000, 0x000000061fa00000| Untracked 
| 156|0x000000061fc00000, 0x000000061fc00000, 0x000000061fe00000|  0%| F|  |TAMS 0x000000061fc00000, 0x000000061fc00000| Untracked 
| 157|0x000000061fe00000, 0x000000061fe00000, 0x0000000620000000|  0%| F|  |TAMS 0x000000061fe00000, 0x000000061fe00000| Untracked 
| 158|0x0000000620000000, 0x0000000620000000, 0x0000000620200000|  0%| F|  |TAMS 0x0000000620000000, 0x0000000620000000| Untracked 
| 159|0x0000000620200000, 0x0000000620200000, 0x0000000620400000|  0%| F|  |TAMS 0x0000000620200000, 0x0000000620200000| Untracked 
| 160|0x0000000620400000, 0x0000000620400000, 0x0000000620600000|  0%| F|  |TAMS 0x0000000620400000, 0x0000000620400000| Untracked 
| 161|0x0000000620600000, 0x0000000620600000, 0x0000000620800000|  0%| F|  |TAMS 0x0000000620600000, 0x0000000620600000| Untracked 
| 162|0x0000000620800000, 0x0000000620800000, 0x0000000620a00000|  0%| F|  |TAMS 0x0000000620800000, 0x0000000620800000| Untracked 
| 163|0x0000000620a00000, 0x0000000620a00000, 0x0000000620c00000|  0%| F|  |TAMS 0x0000000620a00000, 0x0000000620a00000| Untracked 
| 164|0x0000000620c00000, 0x0000000620c00000, 0x0000000620e00000|  0%| F|  |TAMS 0x0000000620c00000, 0x0000000620c00000| Untracked 
| 165|0x0000000620e00000, 0x0000000620e00000, 0x0000000621000000|  0%| F|  |TAMS 0x0000000620e00000, 0x0000000620e00000| Untracked 
| 166|0x0000000621000000, 0x0000000621000000, 0x0000000621200000|  0%| F|  |TAMS 0x0000000621000000, 0x0000000621000000| Untracked 
| 167|0x0000000621200000, 0x0000000621200000, 0x0000000621400000|  0%| F|  |TAMS 0x0000000621200000, 0x0000000621200000| Untracked 
| 168|0x0000000621400000, 0x0000000621400000, 0x0000000621600000|  0%| F|  |TAMS 0x0000000621400000, 0x0000000621400000| Untracked 
| 169|0x0000000621600000, 0x0000000621600000, 0x0000000621800000|  0%| F|  |TAMS 0x0000000621600000, 0x0000000621600000| Untracked 
| 170|0x0000000621800000, 0x0000000621800000, 0x0000000621a00000|  0%| F|  |TAMS 0x0000000621800000, 0x0000000621800000| Untracked 
| 171|0x0000000621a00000, 0x0000000621a00000, 0x0000000621c00000|  0%| F|  |TAMS 0x0000000621a00000, 0x0000000621a00000| Untracked 
| 172|0x0000000621c00000, 0x0000000621c00000, 0x0000000621e00000|  0%| F|  |TAMS 0x0000000621c00000, 0x0000000621c00000| Untracked 
| 173|0x0000000621e00000, 0x0000000621e00000, 0x0000000622000000|  0%| F|  |TAMS 0x0000000621e00000, 0x0000000621e00000| Untracked 
| 174|0x0000000622000000, 0x0000000622200000, 0x0000000622200000|100%| E|  |TAMS 0x0000000622000000, 0x0000000622000000| Complete 
| 175|0x0000000622200000, 0x0000000622400000, 0x0000000622400000|100%| E|CS|TAMS 0x0000000622200000, 0x0000000622200000| Complete 
| 176|0x0000000622400000, 0x0000000622600000, 0x0000000622600000|100%| E|CS|TAMS 0x0000000622400000, 0x0000000622400000| Complete 
| 177|0x0000000622600000, 0x0000000622800000, 0x0000000622800000|100%| E|CS|TAMS 0x0000000622600000, 0x0000000622600000| Complete 
| 178|0x0000000622800000, 0x0000000622a00000, 0x0000000622a00000|100%| E|CS|TAMS 0x0000000622800000, 0x0000000622800000| Complete 
| 179|0x0000000622a00000, 0x0000000622c00000, 0x0000000622c00000|100%| E|CS|TAMS 0x0000000622a00000, 0x0000000622a00000| Complete 
| 180|0x0000000622c00000, 0x0000000622e00000, 0x0000000622e00000|100%| E|CS|TAMS 0x0000000622c00000, 0x0000000622c00000| Complete 
| 181|0x0000000622e00000, 0x0000000623000000, 0x0000000623000000|100%| E|CS|TAMS 0x0000000622e00000, 0x0000000622e00000| Complete 
| 182|0x0000000623000000, 0x0000000623200000, 0x0000000623200000|100%| E|CS|TAMS 0x0000000623000000, 0x0000000623000000| Complete 
| 183|0x0000000623200000, 0x0000000623400000, 0x0000000623400000|100%| E|CS|TAMS 0x0000000623200000, 0x0000000623200000| Complete 
| 184|0x0000000623400000, 0x0000000623600000, 0x0000000623600000|100%| E|CS|TAMS 0x0000000623400000, 0x0000000623400000| Complete 
| 185|0x0000000623600000, 0x0000000623800000, 0x0000000623800000|100%| E|CS|TAMS 0x0000000623600000, 0x0000000623600000| Complete 
| 186|0x0000000623800000, 0x0000000623a00000, 0x0000000623a00000|100%| E|CS|TAMS 0x0000000623800000, 0x0000000623800000| Complete 
| 187|0x0000000623a00000, 0x0000000623c00000, 0x0000000623c00000|100%| E|CS|TAMS 0x0000000623a00000, 0x0000000623a00000| Complete 
| 188|0x0000000623c00000, 0x0000000623e00000, 0x0000000623e00000|100%| E|CS|TAMS 0x0000000623c00000, 0x0000000623c00000| Complete 
| 189|0x0000000623e00000, 0x0000000624000000, 0x0000000624000000|100%| E|CS|TAMS 0x0000000623e00000, 0x0000000623e00000| Complete 
| 190|0x0000000624000000, 0x0000000624200000, 0x0000000624200000|100%| E|CS|TAMS 0x0000000624000000, 0x0000000624000000| Complete 
| 191|0x0000000624200000, 0x0000000624400000, 0x0000000624400000|100%| E|CS|TAMS 0x0000000624200000, 0x0000000624200000| Complete 
| 192|0x0000000624400000, 0x0000000624600000, 0x0000000624600000|100%| E|CS|TAMS 0x0000000624400000, 0x0000000624400000| Complete 
| 193|0x0000000624600000, 0x0000000624800000, 0x0000000624800000|100%| E|CS|TAMS 0x0000000624600000, 0x0000000624600000| Complete 
| 194|0x0000000624800000, 0x0000000624a00000, 0x0000000624a00000|100%| E|CS|TAMS 0x0000000624800000, 0x0000000624800000| Complete 
| 195|0x0000000624a00000, 0x0000000624c00000, 0x0000000624c00000|100%| E|CS|TAMS 0x0000000624a00000, 0x0000000624a00000| Complete 
| 196|0x0000000624c00000, 0x0000000624e00000, 0x0000000624e00000|100%| E|CS|TAMS 0x0000000624c00000, 0x0000000624c00000| Complete 
| 197|0x0000000624e00000, 0x0000000625000000, 0x0000000625000000|100%| E|CS|TAMS 0x0000000624e00000, 0x0000000624e00000| Complete 
| 198|0x0000000625000000, 0x0000000625200000, 0x0000000625200000|100%| E|CS|TAMS 0x0000000625000000, 0x0000000625000000| Complete 
| 199|0x0000000625200000, 0x0000000625400000, 0x0000000625400000|100%| E|CS|TAMS 0x0000000625200000, 0x0000000625200000| Complete 
| 200|0x0000000625400000, 0x0000000625600000, 0x0000000625600000|100%| E|CS|TAMS 0x0000000625400000, 0x0000000625400000| Complete 
| 201|0x0000000625600000, 0x0000000625800000, 0x0000000625800000|100%| E|CS|TAMS 0x0000000625600000, 0x0000000625600000| Complete 
| 202|0x0000000625800000, 0x0000000625a00000, 0x0000000625a00000|100%| E|CS|TAMS 0x0000000625800000, 0x0000000625800000| Complete 
| 203|0x0000000625a00000, 0x0000000625c00000, 0x0000000625c00000|100%| E|CS|TAMS 0x0000000625a00000, 0x0000000625a00000| Complete 
| 204|0x0000000625c00000, 0x0000000625e00000, 0x0000000625e00000|100%| E|CS|TAMS 0x0000000625c00000, 0x0000000625c00000| Complete 
| 205|0x0000000625e00000, 0x0000000626000000, 0x0000000626000000|100%| E|CS|TAMS 0x0000000625e00000, 0x0000000625e00000| Complete 
| 206|0x0000000626000000, 0x0000000626200000, 0x0000000626200000|100%| E|CS|TAMS 0x0000000626000000, 0x0000000626000000| Complete 
| 207|0x0000000626200000, 0x0000000626400000, 0x0000000626400000|100%| E|CS|TAMS 0x0000000626200000, 0x0000000626200000| Complete 
| 208|0x0000000626400000, 0x0000000626600000, 0x0000000626600000|100%| E|CS|TAMS 0x0000000626400000, 0x0000000626400000| Complete 
| 209|0x0000000626600000, 0x0000000626800000, 0x0000000626800000|100%| E|CS|TAMS 0x0000000626600000, 0x0000000626600000| Complete 
| 210|0x0000000626800000, 0x0000000626a00000, 0x0000000626a00000|100%| E|CS|TAMS 0x0000000626800000, 0x0000000626800000| Complete 
| 211|0x0000000626a00000, 0x0000000626c00000, 0x0000000626c00000|100%| E|CS|TAMS 0x0000000626a00000, 0x0000000626a00000| Complete 
| 212|0x0000000626c00000, 0x0000000626e00000, 0x0000000626e00000|100%| E|CS|TAMS 0x0000000626c00000, 0x0000000626c00000| Complete 
| 213|0x0000000626e00000, 0x0000000627000000, 0x0000000627000000|100%| E|CS|TAMS 0x0000000626e00000, 0x0000000626e00000| Complete 
| 214|0x0000000627000000, 0x0000000627200000, 0x0000000627200000|100%| E|CS|TAMS 0x0000000627000000, 0x0000000627000000| Complete 
| 215|0x0000000627200000, 0x0000000627400000, 0x0000000627400000|100%| E|CS|TAMS 0x0000000627200000, 0x0000000627200000| Complete 
| 216|0x0000000627400000, 0x0000000627600000, 0x0000000627600000|100%| E|CS|TAMS 0x0000000627400000, 0x0000000627400000| Complete 
| 217|0x0000000627600000, 0x0000000627800000, 0x0000000627800000|100%| E|CS|TAMS 0x0000000627600000, 0x0000000627600000| Complete 
| 218|0x0000000627800000, 0x0000000627a00000, 0x0000000627a00000|100%| E|CS|TAMS 0x0000000627800000, 0x0000000627800000| Complete 
| 219|0x0000000627a00000, 0x0000000627c00000, 0x0000000627c00000|100%| E|CS|TAMS 0x0000000627a00000, 0x0000000627a00000| Complete 
| 220|0x0000000627c00000, 0x0000000627e00000, 0x0000000627e00000|100%| E|CS|TAMS 0x0000000627c00000, 0x0000000627c00000| Complete 
| 221|0x0000000627e00000, 0x0000000628000000, 0x0000000628000000|100%| E|CS|TAMS 0x0000000627e00000, 0x0000000627e00000| Complete 
| 222|0x0000000628000000, 0x0000000628200000, 0x0000000628200000|100%| E|CS|TAMS 0x0000000628000000, 0x0000000628000000| Complete 
| 223|0x0000000628200000, 0x0000000628400000, 0x0000000628400000|100%| E|CS|TAMS 0x0000000628200000, 0x0000000628200000| Complete 
| 224|0x0000000628400000, 0x0000000628600000, 0x0000000628600000|100%| E|CS|TAMS 0x0000000628400000, 0x0000000628400000| Complete 
| 225|0x0000000628600000, 0x0000000628800000, 0x0000000628800000|100%| E|CS|TAMS 0x0000000628600000, 0x0000000628600000| Complete 
| 226|0x0000000628800000, 0x0000000628a00000, 0x0000000628a00000|100%| E|CS|TAMS 0x0000000628800000, 0x0000000628800000| Complete 
| 227|0x0000000628a00000, 0x0000000628c00000, 0x0000000628c00000|100%| E|CS|TAMS 0x0000000628a00000, 0x0000000628a00000| Complete 
| 228|0x0000000628c00000, 0x0000000628e00000, 0x0000000628e00000|100%| E|CS|TAMS 0x0000000628c00000, 0x0000000628c00000| Complete 
| 229|0x0000000628e00000, 0x0000000629000000, 0x0000000629000000|100%| E|CS|TAMS 0x0000000628e00000, 0x0000000628e00000| Complete 
| 230|0x0000000629000000, 0x0000000629200000, 0x0000000629200000|100%| E|CS|TAMS 0x0000000629000000, 0x0000000629000000| Complete 
| 231|0x0000000629200000, 0x0000000629400000, 0x0000000629400000|100%| E|CS|TAMS 0x0000000629200000, 0x0000000629200000| Complete 
| 232|0x0000000629400000, 0x0000000629600000, 0x0000000629600000|100%| E|CS|TAMS 0x0000000629400000, 0x0000000629400000| Complete 
| 233|0x0000000629600000, 0x0000000629800000, 0x0000000629800000|100%| E|CS|TAMS 0x0000000629600000, 0x0000000629600000| Complete 
| 234|0x0000000629800000, 0x0000000629a00000, 0x0000000629a00000|100%| E|CS|TAMS 0x0000000629800000, 0x0000000629800000| Complete 
| 235|0x0000000629a00000, 0x0000000629c00000, 0x0000000629c00000|100%| E|CS|TAMS 0x0000000629a00000, 0x0000000629a00000| Complete 
| 236|0x0000000629c00000, 0x0000000629cf5130, 0x0000000629e00000| 47%| S|CS|TAMS 0x0000000629c00000, 0x0000000629c00000| Complete 
| 237|0x0000000629e00000, 0x000000062a000000, 0x000000062a000000|100%| S|CS|TAMS 0x0000000629e00000, 0x0000000629e00000| Complete 
| 238|0x000000062a000000, 0x000000062a200000, 0x000000062a200000|100%| E|CS|TAMS 0x000000062a000000, 0x000000062a000000| Complete 
| 239|0x000000062a200000, 0x000000062a400000, 0x000000062a400000|100%| E|CS|TAMS 0x000000062a200000, 0x000000062a200000| Complete 
| 240|0x000000062a400000, 0x000000062a600000, 0x000000062a600000|100%| E|CS|TAMS 0x000000062a400000, 0x000000062a400000| Complete 
| 241|0x000000062a600000, 0x000000062a800000, 0x000000062a800000|100%| E|CS|TAMS 0x000000062a600000, 0x000000062a600000| Complete 
| 242|0x000000062a800000, 0x000000062aa00000, 0x000000062aa00000|100%| E|CS|TAMS 0x000000062a800000, 0x000000062a800000| Complete 
| 243|0x000000062aa00000, 0x000000062ac00000, 0x000000062ac00000|100%| E|CS|TAMS 0x000000062aa00000, 0x000000062aa00000| Complete 
| 244|0x000000062ac00000, 0x000000062ae00000, 0x000000062ae00000|100%| E|CS|TAMS 0x000000062ac00000, 0x000000062ac00000| Complete 
| 245|0x000000062ae00000, 0x000000062b000000, 0x000000062b000000|100%| E|CS|TAMS 0x000000062ae00000, 0x000000062ae00000| Complete 
| 246|0x000000062b000000, 0x000000062b200000, 0x000000062b200000|100%| E|CS|TAMS 0x000000062b000000, 0x000000062b000000| Complete 
| 247|0x000000062b200000, 0x000000062b400000, 0x000000062b400000|100%| E|CS|TAMS 0x000000062b200000, 0x000000062b200000| Complete 
| 248|0x000000062b400000, 0x000000062b600000, 0x000000062b600000|100%| E|CS|TAMS 0x000000062b400000, 0x000000062b400000| Complete 
| 249|0x000000062b600000, 0x000000062b800000, 0x000000062b800000|100%| E|CS|TAMS 0x000000062b600000, 0x000000062b600000| Complete 
|3484|0x00000007bfc00000, 0x00000007bfc47000, 0x00000007bfe00000| 13%|OA|  |TAMS 0x00000007bfc00000, 0x00000007bfc00000| Untracked 
|3485|0x00000007bfe00000, 0x00000007bfe6b000, 0x00000007c0000000| 20%|CA|  |TAMS 0x00000007bfe00000, 0x00000007bfe00000| Untracked 

Card table byte_map: [0x00007f1a1419d000,0x00007f1a1513b000] _byte_map_base: 0x00007f1a1113b000

Marking Bits (Prev, Next): (CMBitMap*) 0x00007f1a1005afe8, (CMBitMap*) 0x00007f1a1005b020
 Prev Bits: [0x00007f19eb372000, 0x00007f19f3062000)
 Next Bits: [0x00007f19e3682000, 0x00007f19eb372000)

Polling page: 0x00007f1a18ef8000

Metaspace:

Usage:
  Non-class:     14.01 MB capacity,    13.07 MB ( 93%) used,   942.74 KB (  7%) free+waste,    20.94 KB ( <1%) overhead. 
      Class:      1.88 MB capacity,     1.65 MB ( 88%) used,   223.32 KB ( 12%) free+waste,     9.56 KB ( <1%) overhead. 
       Both:     15.89 MB capacity,    14.72 MB ( 93%) used,     1.14 MB (  7%) free+waste,    30.50 KB ( <1%) overhead. 

Virtual space:
  Non-class space:       16.00 MB reserved,      14.25 MB ( 89%) committed 
      Class space:        1.00 GB reserved,       1.88 MB ( <1%) committed 
             Both:        1.02 GB reserved,      16.12 MB (  2%) committed 

Chunk freelists:
   Non-Class:  144.00 KB
       Class:  0 bytes
        Both:  144.00 KB

MaxMetaspaceSize: unlimited
CompressedClassSpaceSize: 1.00 GB

CodeHeap 'non-profiled nmethods': size=120032Kb used=1705Kb max_used=1705Kb free=118326Kb
 bounds [0x00007f1a00340000, 0x00007f1a005b0000, 0x00007f1a07878000]
CodeHeap 'profiled nmethods': size=120028Kb used=7955Kb max_used=7955Kb free=112072Kb
 bounds [0x00007f19f8e09000, 0x00007f19f95d9000, 0x00007f1a00340000]
CodeHeap 'non-nmethods': size=5700Kb used=1115Kb max_used=1161Kb free=4585Kb
 bounds [0x00007f19f8878000, 0x00007f19f8ae8000, 0x00007f19f8e09000]
 total_blobs=3950 nmethods=3510 adapters=352
 compilation: enabled
              stopped_count=0, restarted_count=0
 full_count=0

Compilation events (20 events):
Event: 2.497 Thread 0x00007f1a1027f800 3503   !   3       java.io.PrintStream::write (66 bytes)
Event: 2.497 Thread 0x00007f1a1027f800 nmethod 3503 0x00007f19f95bc090 code [0x00007f19f95bc2c0, 0x00007f19f95bcab0]
Event: 2.497 Thread 0x00007f1a1027f800 3504  s    3       java.io.BufferedOutputStream::write (35 bytes)
Event: 2.498 Thread 0x00007f1a1027f800 nmethod 3504 0x00007f19f95bce10 code [0x00007f19f95bcfe0, 0x00007f19f95bd4c0]
Event: 3.128 Thread 0x00007f1a1027c800 3505  s    4       org.fusesource.jansi.AnsiPrintStream::filter (948 bytes)
Event: 3.160 Thread 0x00007f1a1027c800 nmethod 3505 0x00007f1a004e6110 code [0x00007f1a004e63c0, 0x00007f1a004e7ae8]
Event: 4.886 Thread 0x00007f1a1027f800 3506       3       java.io.BufferedInputStream::read1 (108 bytes)
Event: 4.887 Thread 0x00007f1a1027f800 nmethod 3506 0x00007f19f95bd690 code [0x00007f19f95bd8e0, 0x00007f19f95be1f0]
Event: 4.890 Thread 0x00007f1a1027c800 3507       4       org.fusesource.jansi.FilterPrintStream::write (17 bytes)
Event: 4.890 Thread 0x00007f1a1027f800 3508   !   3       org.fusesource.jansi.AnsiPrintStream::processEscapeCommand (965 bytes)
Event: 4.898 Thread 0x00007f1a1027f800 nmethod 3508 0x00007f19f95be490 code [0x00007f19f95befa0, 0x00007f19f95c85b0]
Event: 4.898 Thread 0x00007f1a1027f800 3509       3       org.fusesource.jansi.AnsiPrintStream::reset (43 bytes)
Event: 4.898 Thread 0x00007f1a1027f800 nmethod 3509 0x00007f19f95cc210 code [0x00007f19f95cc3e0, 0x00007f19f95cc710]
Event: 4.902 Thread 0x00007f1a1027c800 nmethod 3507 0x00007f1a004e8c10 code [0x00007f1a004e8e20, 0x00007f1a004e9a68]
Event: 5.467 Thread 0x00007f1a1027f800 3510       3       java.io.FileInputStream::available (5 bytes)
Event: 5.468 Thread 0x00007f1a1027f800 nmethod 3510 0x00007f19f95cc810 code [0x00007f19f95cc9c0, 0x00007f19f95ccb00]
Event: 6.342 Thread 0x00007f1a1027f800 3511  s    3       java.io.BufferedInputStream::available (35 bytes)
Event: 6.342 Thread 0x00007f1a1027f800 nmethod 3511 0x00007f19f95ccb90 code [0x00007f19f95ccd80, 0x00007f19f95cd2f0]
Event: 7.745 Thread 0x00007f1a1027f800 3512  s    3       java.io.BufferedOutputStream::flush (12 bytes)
Event: 7.746 Thread 0x00007f1a1027f800 nmethod 3512 0x00007f19f95cd490 code [0x00007f19f95cd660, 0x00007f19f95cdb70]

GC Heap History (2 events):
Event: 0.400 GC heap before
{Heap before GC invocations=0 (full 0):
 garbage-first heap   total 516096K, used 23240K [0x000000060c400000, 0x0000000800000000)
  region size 2048K, 12 young (24576K), 0 survivors (0K)
 Metaspace       used 5225K, capacity 7837K, committed 8064K, reserved 1056768K
  class space    used 616K, capacity 892K, committed 896K, reserved 1048576K
}
Event: 0.410 GC heap after
{Heap after GC invocations=1 (full 0):
 garbage-first heap   total 516096K, used 3740K [0x000000060c400000, 0x0000000800000000)
  region size 2048K, 2 young (4096K), 2 survivors (4096K)
 Metaspace       used 5225K, capacity 7837K, committed 8064K, reserved 1056768K
  class space    used 616K, capacity 892K, committed 896K, reserved 1048576K
}

Deoptimization events (20 events):
Event: 1.771 Thread 0x00007f1a10017800 Uncommon trap: trap_request=0xffffffde fr.pc=0x00007f1a003e6720 relative=0x0000000000000080
Event: 1.771 Thread 0x00007f1a10017800 Uncommon trap: reason=class_check action=maybe_recompile pc=0x00007f1a003e6720 method=com.google.inject.internal.LinkedBindingImpl.acceptTargetVisitor(Lcom/google/inject/spi/BindingTargetVisitor;)Ljava/lang/Object; @ 2 c2
Event: 1.771 Thread 0x00007f1a10017800 DEOPT PACKING pc=0x00007f1a003e6720 sp=0x00007f1a17695f40
Event: 1.771 Thread 0x00007f1a10017800 DEOPT UNPACKING pc=0x00007f19f889d9a5 sp=0x00007f1a17695ef8 mode 2
Event: 1.779 Thread 0x00007f1a10017800 DEOPT PACKING pc=0x00007f19f91b83a0 sp=0x00007f1a1768f340
Event: 1.779 Thread 0x00007f1a10017800 DEOPT UNPACKING pc=0x00007f19f889e14a sp=0x00007f1a1768e878 mode 0
Event: 1.799 Thread 0x00007f1a10017800 Uncommon trap: trap_request=0xffffffde fr.pc=0x00007f1a003e6720 relative=0x0000000000000080
Event: 1.799 Thread 0x00007f1a10017800 Uncommon trap: reason=class_check action=maybe_recompile pc=0x00007f1a003e6720 method=com.google.inject.internal.LinkedBindingImpl.acceptTargetVisitor(Lcom/google/inject/spi/BindingTargetVisitor;)Ljava/lang/Object; @ 2 c2
Event: 1.799 Thread 0x00007f1a10017800 DEOPT PACKING pc=0x00007f1a003e6720 sp=0x00007f1a17695f40
Event: 1.799 Thread 0x00007f1a10017800 DEOPT UNPACKING pc=0x00007f19f889d9a5 sp=0x00007f1a17695ef8 mode 2
Event: 1.799 Thread 0x00007f1a10017800 Uncommon trap: trap_request=0xffffffde fr.pc=0x00007f1a003e6720 relative=0x0000000000000080
Event: 1.799 Thread 0x00007f1a10017800 Uncommon trap: reason=class_check action=maybe_recompile pc=0x00007f1a003e6720 method=com.google.inject.internal.LinkedBindingImpl.acceptTargetVisitor(Lcom/google/inject/spi/BindingTargetVisitor;)Ljava/lang/Object; @ 2 c2
Event: 1.799 Thread 0x00007f1a10017800 DEOPT PACKING pc=0x00007f1a003e6720 sp=0x00007f1a17695f40
Event: 1.799 Thread 0x00007f1a10017800 DEOPT UNPACKING pc=0x00007f19f889d9a5 sp=0x00007f1a17695ef8 mode 2
Event: 1.802 Thread 0x00007f1a10017800 Uncommon trap: trap_request=0xffffff5c fr.pc=0x00007f1a004af324 relative=0x00000000000002e4
Event: 1.802 Thread 0x00007f1a10017800 Uncommon trap: reason=speculate_null_assert action=make_not_entrant pc=0x00007f1a004af324 method=org.eclipse.sisu.inject.RankedBindings$Itr.hasNext()Z @ 80 c2
Event: 1.802 Thread 0x00007f1a10017800 DEOPT PACKING pc=0x00007f1a004af324 sp=0x00007f1a176963d0
Event: 1.802 Thread 0x00007f1a10017800 DEOPT UNPACKING pc=0x00007f19f889d9a5 sp=0x00007f1a176963b8 mode 2
Event: 1.812 Thread 0x00007f1a10017800 DEOPT PACKING pc=0x00007f19f8ec9dcc sp=0x00007f1a17692eb0
Event: 1.812 Thread 0x00007f1a10017800 DEOPT UNPACKING pc=0x00007f19f889e14a sp=0x00007f1a176922d0 mode 0

Classes redefined (0 events):
No events

Internal exceptions (20 events):
Event: 0.857 Thread 0x00007f1a10017800 Exception <a 'java/lang/NoClassDefFoundError'{0x0000000629258970}: com/google/inject/servlet/ServletModuleTargetVisitor> (0x0000000629258970) thrown at [./src/hotspot/share/classfile/systemDictionary.cpp, line 220]
Event: 0.857 Thread 0x00007f1a10017800 Exception <a 'java/lang/NoClassDefFoundError'{0x0000000629258970}> (0x0000000629258970) thrown at [./src/hotspot/share/prims/jvm.cpp, line 1310]
Event: 0.857 Thread 0x00007f1a10017800 Exception <a 'java/lang/NoClassDefFoundError'{0x000000062925b428}: javax/annotation/Priority> (0x000000062925b428) thrown at [./src/hotspot/share/classfile/systemDictionary.cpp, line 220]
Event: 1.007 Thread 0x00007f1a10017800 Implicit null exception at 0x00007f1a00369384 to 0x00007f1a00369884
Event: 1.241 Thread 0x00007f1a10017800 Implicit null exception at 0x00007f1a00430acd to 0x00007f1a004311fc
Event: 1.241 Thread 0x00007f1a10017800 Implicit null exception at 0x00007f1a0039ec85 to 0x00007f1a0039ee6c
Event: 1.241 Thread 0x00007f1a10017800 Implicit null exception at 0x00007f1a003eb2cb to 0x00007f1a003eb9d8
Event: 1.615 Thread 0x00007f1a10017800 Implicit null exception at 0x00007f1a003a2c2f to 0x00007f1a003a2cad
Event: 1.779 Thread 0x00007f1a10017800 Exception <a 'java/lang/NoClassDefFoundError'{0x000000062271c0f0}: org/sonatype/aether/artifact/Artifact> (0x000000062271c0f0) thrown at [./src/hotspot/share/classfile/systemDictionary.cpp, line 220]
Event: 1.782 Thread 0x00007f1a10017800 Exception <a 'java/lang/NoClassDefFoundError'{0x000000062276a880}: org/sonatype/aether/collection/DependencyCollectionException> (0x000000062276a880) thrown at [./src/hotspot/share/classfile/systemDictionary.cpp, line 220]
Event: 1.784 Thread 0x00007f1a10017800 Exception <a 'java/lang/NoClassDefFoundError'{0x000000062278e4f0}: org/sonatype/aether/resolution/ArtifactDescriptorException> (0x000000062278e4f0) thrown at [./src/hotspot/share/classfile/systemDictionary.cpp, line 220]
Event: 1.786 Thread 0x00007f1a10017800 Exception <a 'java/lang/NoClassDefFoundError'{0x00000006227cb288}: org/sonatype/aether/resolution/ArtifactResolutionException> (0x00000006227cb288) thrown at [./src/hotspot/share/classfile/systemDictionary.cpp, line 220]
Event: 1.788 Thread 0x00007f1a10017800 Exception <a 'java/lang/NoClassDefFoundError'{0x00000006227fdb40}: org/sonatype/aether/installation/InstallationException> (0x00000006227fdb40) thrown at [./src/hotspot/share/classfile/systemDictionary.cpp, line 220]
Event: 1.792 Thread 0x00007f1a10017800 Exception <a 'java/lang/NoClassDefFoundError'{0x0000000622475468}: org/sonatype/aether/deployment/DeploymentException> (0x0000000622475468) thrown at [./src/hotspot/share/classfile/systemDictionary.cpp, line 220]
Event: 1.794 Thread 0x00007f1a10017800 Exception <a 'java/lang/NoClassDefFoundError'{0x00000006224a7a70}: org/sonatype/aether/artifact/Artifact> (0x00000006224a7a70) thrown at [./src/hotspot/share/classfile/systemDictionary.cpp, line 220]
Event: 1.829 Thread 0x00007f1a10017800 Exception <a 'java/lang/NoSuchMethodError'{0x00000006223b8088}: 'java.lang.Object java.lang.invoke.DirectMethodHandle$Holder.invokeStaticInit(java.lang.Object, java.lang.Object, long, java.lang.Object)'> (0x00000006223b8088) thrown at [./src/hotspot/share/interpreter/linkResolver.cpp, line 772]
Event: 1.830 Thread 0x00007f1a10017800 Exception <a 'java/lang/NoSuchMethodError'{0x00000006223c41e8}: 'java.lang.Object java.lang.invoke.Invokers$Holder.linkToTargetMethod(java.lang.Object, long, java.lang.Object)'> (0x00000006223c41e8) thrown at [./src/hotspot/share/interpreter/linkResolver.cpp, line 772]
Event: 1.832 Thread 0x00007f1a10017800 Exception <a 'java/lang/NoSuchMethodError'{0x00000006223cb108}: 'java.lang.Object java.lang.invoke.DirectMethodHandle$Holder.invokeStatic(java.lang.Object, java.lang.Object, java.lang.Object, int)'> (0x00000006223cb108) thrown at [./src/hotspot/share/interpreter/linkResolver.cpp, line 772]
Event: 1.832 Thread 0x00007f1a10017800 Exception <a 'java/lang/NoSuchMethodError'{0x00000006223ced80}: 'java.lang.Object java.lang.invoke.DirectMethodHandle$Holder.invokeSpecial(java.lang.Object, java.lang.Object, java.lang.Object, java.lang.Object, int)'> (0x00000006223ced80) thrown at [./src/hotspot/share/interpreter/linkResolver.cpp, line 772]
Event: 1.832 Thread 0x00007f1a10017800 Exception <a 'java/lang/NoSuchMethodError'{0x00000006223d2218}: 'java.lang.Object java.lang.invoke.Invokers$Holder.linkToTargetMethod(java.lang.Object, java.lang.Object, int, java.lang.Object)'> (0x00000006223d2218) thrown at [./src/hotspot/share/interpreter/linkResolver.cpp, line 772]

Events (20 events):
Event: 1.836 loading class org/apache/commons/exec/StreamPumper done
Event: 1.836 loading class org/apache/commons/exec/StreamPumper
Event: 1.836 loading class org/apache/commons/exec/StreamPumper done
Event: 1.837 Thread 0x00007f1a10d36000 Thread added: 0x00007f1a10d36000
Event: 1.837 Protecting memory [0x00007f19c1c14000,0x00007f19c1c18000] with protection modes 0
Event: 1.837 Thread 0x00007f1a10d33000 Thread added: 0x00007f1a10d33000
Event: 1.837 Protecting memory [0x00007f19c1b13000,0x00007f19c1b17000] with protection modes 0
Event: 1.837 Executing VM operation: RevokeBias
Event: 1.837 Thread 0x00007f1a10d37800 Thread added: 0x00007f1a10d37800
Event: 1.837 Protecting memory [0x00007f19c1a12000,0x00007f19c1a16000] with protection modes 0
Event: 1.837 Executing coalesced safepoint VM operation: RevokeBias
Event: 1.837 Executing coalesced safepoint VM operation: RevokeBias done
Event: 1.837 Executing VM operation: RevokeBias done
Event: 1.837 Executing VM operation: RevokeBias
Event: 1.837 Executing VM operation: RevokeBias done
Event: 2.496 Executing VM operation: RevokeBias
Event: 2.496 Executing VM operation: RevokeBias done
Event: 2.497 Thread 0x00007f19ac16a800 Thread exited: 0x00007f19ac16a800
Event: 2.497 Thread 0x00007f19ac2bc800 Thread exited: 0x00007f19ac2bc800
Event: 27.389 Loaded shared library /usr/lib/jvm/java-11-openjdk-amd64/lib/server/libjvm.so


Dynamic libraries:
60c400000-62b800000 rw-p 00000000 00:00 0 
62b800000-7bfc00000 ---p 00000000 00:00 0 
7bfc00000-7bfc47000 rw-p 01111000 fd:00 24384398                         /usr/lib/jvm/java-11-openjdk-amd64/lib/server/classes.jsa
7bfc47000-7bfe00000 rw-p 00000000 00:00 0 
7bfe00000-7bfe6b000 rw-p 010a6000 fd:00 24384398                         /usr/lib/jvm/java-11-openjdk-amd64/lib/server/classes.jsa
7bfe6b000-7c0000000 rw-p 00000000 00:00 0 
7c0000000-800000000 ---p 00000000 00:00 0 
800000000-800002000 rwxp 00001000 fd:00 24384398                         /usr/lib/jvm/java-11-openjdk-amd64/lib/server/classes.jsa
800002000-8003b9000 rw-p 00003000 fd:00 24384398                         /usr/lib/jvm/java-11-openjdk-amd64/lib/server/classes.jsa
8003b9000-800a96000 r--p 003ba000 fd:00 24384398                         /usr/lib/jvm/java-11-openjdk-amd64/lib/server/classes.jsa
800a96000-800a97000 rw-p 00a97000 fd:00 24384398                         /usr/lib/jvm/java-11-openjdk-amd64/lib/server/classes.jsa
800a97000-8010a5000 r--p 00a98000 fd:00 24384398                         /usr/lib/jvm/java-11-openjdk-amd64/lib/server/classes.jsa
840000000-8401e0000 rw-p 00000000 00:00 0 
8401e0000-880000000 ---p 00000000 00:00 0 
55e37671d000-55e37671e000 r--p 00000000 fd:00 18879448                   /usr/lib/jvm/java-11-openjdk-amd64/bin/java
55e37671e000-55e37671f000 r-xp 00001000 fd:00 18879448                   /usr/lib/jvm/java-11-openjdk-amd64/bin/java
55e37671f000-55e376720000 r--p 00002000 fd:00 18879448                   /usr/lib/jvm/java-11-openjdk-amd64/bin/java
55e376720000-55e376721000 r--p 00002000 fd:00 18879448                   /usr/lib/jvm/java-11-openjdk-amd64/bin/java
55e376721000-55e376722000 rw-p 00003000 fd:00 18879448                   /usr/lib/jvm/java-11-openjdk-amd64/bin/java
55e377b2a000-55e377b4b000 rw-p 00000000 00:00 0                          [heap]
7f196c000000-7f196c021000 rw-p 00000000 00:00 0 
7f196c021000-7f1970000000 ---p 00000000 00:00 0 
7f1974000000-7f1974021000 rw-p 00000000 00:00 0 
7f1974021000-7f1978000000 ---p 00000000 00:00 0 
7f1978000000-7f1978021000 rw-p 00000000 00:00 0 
7f1978021000-7f197c000000 ---p 00000000 00:00 0 
7f197c000000-7f197c021000 rw-p 00000000 00:00 0 
7f197c021000-7f1980000000 ---p 00000000 00:00 0 
7f1980000000-7f1980021000 rw-p 00000000 00:00 0 
7f1980021000-7f1984000000 ---p 00000000 00:00 0 
7f1984000000-7f1984021000 rw-p 00000000 00:00 0 
7f1984021000-7f1988000000 ---p 00000000 00:00 0 
7f1988000000-7f1988021000 rw-p 00000000 00:00 0 
7f1988021000-7f198c000000 ---p 00000000 00:00 0 
7f198c000000-7f198c021000 rw-p 00000000 00:00 0 
7f198c021000-7f1990000000 ---p 00000000 00:00 0 
7f1990000000-7f1990021000 rw-p 00000000 00:00 0 
7f1990021000-7f1994000000 ---p 00000000 00:00 0 
7f1994000000-7f1994021000 rw-p 00000000 00:00 0 
7f1994021000-7f1998000000 ---p 00000000 00:00 0 
7f1998000000-7f1998021000 rw-p 00000000 00:00 0 
7f1998021000-7f199c000000 ---p 00000000 00:00 0 
7f199c000000-7f199cca9000 rw-p 00000000 00:00 0 
7f199cca9000-7f19a0000000 ---p 00000000 00:00 0 
7f19a0000000-7f19a08a2000 rw-p 00000000 00:00 0 
7f19a08a2000-7f19a4000000 ---p 00000000 00:00 0 
7f19a4000000-7f19a4021000 rw-p 00000000 00:00 0 
7f19a4021000-7f19a8000000 ---p 00000000 00:00 0 
7f19a8000000-7f19a8021000 rw-p 00000000 00:00 0 
7f19a8021000-7f19ac000000 ---p 00000000 00:00 0 
7f19ac000000-7f19ac7c9000 rw-p 00000000 00:00 0 
7f19ac7c9000-7f19b0000000 ---p 00000000 00:00 0 
7f19b0000000-7f19b0021000 rw-p 00000000 00:00 0 
7f19b0021000-7f19b4000000 ---p 00000000 00:00 0 
7f19b4000000-7f19b4021000 rw-p 00000000 00:00 0 
7f19b4021000-7f19b8000000 ---p 00000000 00:00 0 
7f19b8000000-7f19b8bc3000 rw-p 00000000 00:00 0 
7f19b8bc3000-7f19bc000000 ---p 00000000 00:00 0 
7f19bc000000-7f19bc021000 rw-p 00000000 00:00 0 
7f19bc021000-7f19c0000000 ---p 00000000 00:00 0 
7f19c1a12000-7f19c1a16000 ---p 00000000 00:00 0 
7f19c1a16000-7f19c1b13000 rw-p 00000000 00:00 0 
7f19c1b13000-7f19c1b17000 ---p 00000000 00:00 0 
7f19c1b17000-7f19c1c14000 rw-p 00000000 00:00 0 
7f19c1c14000-7f19c1c18000 ---p 00000000 00:00 0 
7f19c1c18000-7f19c1f15000 rw-p 00000000 00:00 0 
7f19c2009000-7f19c2049000 rw-p 00000000 00:00 0 
7f19c2049000-7f19c2209000 ---p 00000000 00:00 0 
7f19c2209000-7f19c2409000 rw-p 00000000 00:00 0 
7f19c2409000-7f19c2609000 rw-p 00000000 00:00 0 
7f19c2609000-7f19c260a000 ---p 00000000 00:00 0 
7f19c260a000-7f19c270b000 rw-p 00000000 00:00 0 
7f19c270b000-7f19c270c000 ---p 00000000 00:00 0 
7f19c270c000-7f19c280d000 rw-p 00000000 00:00 0 
7f19c280d000-7f19c280e000 ---p 00000000 00:00 0 
7f19c280e000-7f19c290f000 rw-p 00000000 00:00 0 
7f19c290f000-7f19c2910000 ---p 00000000 00:00 0 
7f19c2910000-7f19c2a11000 rw-p 00000000 00:00 0 
7f19c2a11000-7f19c2a12000 ---p 00000000 00:00 0 
7f19c2a12000-7f19c2b13000 rw-p 00000000 00:00 0 
7f19c2b13000-7f19c2b14000 ---p 00000000 00:00 0 
7f19c2b14000-7f19c2c15000 rw-p 00000000 00:00 0 
7f19c2c15000-7f19c2c16000 ---p 00000000 00:00 0 
7f19c2c16000-7f19c2d17000 rw-p 00000000 00:00 0 
7f19c2d17000-7f19c2d1b000 ---p 00000000 00:00 0 
7f19c2d1b000-7f19c2e18000 rw-p 00000000 00:00 0 
7f19c2e18000-7f19c2e1c000 ---p 00000000 00:00 0 
7f19c2e1c000-7f19c2f19000 rw-p 00000000 00:00 0 
7f19c2f19000-7f19c2f1c000 r-xp 00000000 07:09 2327                       /snap/netbeans/45/netbeans/java/maven/lib/jansi-native/linux64/libjansi.so
7f19c2f1c000-7f19c311b000 ---p 00003000 07:09 2327                       /snap/netbeans/45/netbeans/java/maven/lib/jansi-native/linux64/libjansi.so
7f19c311b000-7f19c311c000 rw-p 00002000 07:09 2327                       /snap/netbeans/45/netbeans/java/maven/lib/jansi-native/linux64/libjansi.so
7f19c311c000-7f19c3120000 ---p 00000000 00:00 0 
7f19c3120000-7f19c321d000 rw-p 00000000 00:00 0 
7f19c321d000-7f19c4000000 r--p 00000000 fd:00 18356937                   /usr/lib/locale/locale-archive
7f19c4000000-7f19c4021000 rw-p 00000000 00:00 0 
7f19c4021000-7f19c8000000 ---p 00000000 00:00 0 
7f19c8000000-7f19c8021000 rw-p 00000000 00:00 0 
7f19c8021000-7f19cc000000 ---p 00000000 00:00 0 
7f19cc000000-7f19cc021000 rw-p 00000000 00:00 0 
7f19cc021000-7f19d0000000 ---p 00000000 00:00 0 
7f19d0000000-7f19d0021000 rw-p 00000000 00:00 0 
7f19d0021000-7f19d4000000 ---p 00000000 00:00 0 
7f19d4000000-7f19d4021000 rw-p 00000000 00:00 0 
7f19d4021000-7f19d8000000 ---p 00000000 00:00 0 
7f19d8000000-7f19d8021000 rw-p 00000000 00:00 0 
7f19d8021000-7f19dc000000 ---p 00000000 00:00 0 
7f19dc000000-7f19dc021000 rw-p 00000000 00:00 0 
7f19dc021000-7f19e0000000 ---p 00000000 00:00 0 
7f19e00f0000-7f19e00f1000 ---p 00000000 00:00 0 
7f19e00f1000-7f19e01f2000 rw-p 00000000 00:00 0 
7f19e01f2000-7f19e01f6000 ---p 00000000 00:00 0 
7f19e01f6000-7f19e02f3000 rw-p 00000000 00:00 0 
7f19e02f3000-7f19e02f7000 ---p 00000000 00:00 0 
7f19e02f7000-7f19e03f4000 rw-p 00000000 00:00 0 
7f19e03f4000-7f19e03f8000 ---p 00000000 00:00 0 
7f19e03f8000-7f19e04f5000 rw-p 00000000 00:00 0 
7f19e04f5000-7f19e04f9000 ---p 00000000 00:00 0 
7f19e04f9000-7f19e05f6000 rw-p 00000000 00:00 0 
7f19e05f6000-7f19e05fa000 ---p 00000000 00:00 0 
7f19e05fa000-7f19e06f7000 rw-p 00000000 00:00 0 
7f19e06f7000-7f19e06fb000 ---p 00000000 00:00 0 
7f19e06fb000-7f19e07f8000 rw-p 00000000 00:00 0 
7f19e07f8000-7f19e07fc000 ---p 00000000 00:00 0 
7f19e07fc000-7f19e08f9000 rw-p 00000000 00:00 0 
7f19e08f9000-7f19e08fa000 ---p 00000000 00:00 0 
7f19e08fa000-7f19e127c000 rw-p 00000000 00:00 0 
7f19e127c000-7f19e127d000 ---p 00000000 00:00 0 
7f19e127d000-7f19e137e000 rw-p 00000000 00:00 0 
7f19e137e000-7f19e137f000 ---p 00000000 00:00 0 
7f19e137f000-7f19e3e52000 rw-p 00000000 00:00 0 
7f19e3e52000-7f19ea362000 ---p 00000000 00:00 0 
7f19ea362000-7f19ea372000 rw-p 00000000 00:00 0 
7f19ea372000-7f19eb372000 ---p 00000000 00:00 0 
7f19eb372000-7f19ebb42000 rw-p 00000000 00:00 0 
7f19ebb42000-7f19f2052000 ---p 00000000 00:00 0 
7f19f2052000-7f19f2062000 rw-p 00000000 00:00 0 
7f19f2062000-7f19f3062000 ---p 00000000 00:00 0 
7f19f3062000-7f19f315c000 rw-p 00000000 00:00 0 
7f19f315c000-7f19f3dfe000 ---p 00000000 00:00 0 
7f19f3dfe000-7f19f3e00000 rw-p 00000000 00:00 0 
7f19f3e00000-7f19f4000000 ---p 00000000 00:00 0 
7f19f4000000-7f19f4021000 rw-p 00000000 00:00 0 
7f19f4021000-7f19f8000000 ---p 00000000 00:00 0 
7f19f8001000-7f19f8005000 ---p 00000000 00:00 0 
7f19f8005000-7f19f8054000 rw-p 00000000 00:00 0 
7f19f8054000-7f19f8058000 r--p 00000000 fd:00 24250357                   /usr/lib/jvm/java-11-openjdk-amd64/lib/libnet.so
7f19f8058000-7f19f8068000 r-xp 00004000 fd:00 24250357                   /usr/lib/jvm/java-11-openjdk-amd64/lib/libnet.so
7f19f8068000-7f19f806c000 r--p 00014000 fd:00 24250357                   /usr/lib/jvm/java-11-openjdk-amd64/lib/libnet.so
7f19f806c000-7f19f806d000 r--p 00017000 fd:00 24250357                   /usr/lib/jvm/java-11-openjdk-amd64/lib/libnet.so
7f19f806d000-7f19f806e000 rw-p 00018000 fd:00 24250357                   /usr/lib/jvm/java-11-openjdk-amd64/lib/libnet.so
7f19f806e000-7f19f8674000 rw-p 00000000 00:00 0 
7f19f8674000-7f19f8675000 ---p 00000000 00:00 0 
7f19f8675000-7f19f8776000 rw-p 00000000 00:00 0 
7f19f8776000-7f19f8777000 ---p 00000000 00:00 0 
7f19f8777000-7f19f8878000 rw-p 00000000 00:00 0 
7f19f8878000-7f19f8ae8000 rwxp 00000000 00:00 0 
7f19f8ae8000-7f19f8e09000 ---p 00000000 00:00 0 
7f19f8e09000-7f19f95d9000 rwxp 00000000 00:00 0 
7f19f95d9000-7f1a00340000 ---p 00000000 00:00 0 
7f1a00340000-7f1a005b0000 rwxp 00000000 00:00 0 
7f1a005b0000-7f1a07878000 ---p 00000000 00:00 0 
7f1a07878000-7f1a10000000 r--s 00000000 fd:00 24250367                   /usr/lib/jvm/java-11-openjdk-amd64/lib/modules
7f1a10000000-7f1a10d3d000 rw-p 00000000 00:00 0 
7f1a10d3d000-7f1a14000000 ---p 00000000 00:00 0 
7f1a14004000-7f1a1400b000 r--p 00000000 fd:00 24250358                   /usr/lib/jvm/java-11-openjdk-amd64/lib/libnio.so
7f1a1400b000-7f1a14013000 r-xp 00007000 fd:00 24250358                   /usr/lib/jvm/java-11-openjdk-amd64/lib/libnio.so
7f1a14013000-7f1a14016000 r--p 0000f000 fd:00 24250358                   /usr/lib/jvm/java-11-openjdk-amd64/lib/libnio.so
7f1a14016000-7f1a14017000 r--p 00011000 fd:00 24250358                   /usr/lib/jvm/java-11-openjdk-amd64/lib/libnio.so
7f1a14017000-7f1a14018000 rw-p 00012000 fd:00 24250358                   /usr/lib/jvm/java-11-openjdk-amd64/lib/libnio.so
7f1a14018000-7f1a14297000 rw-p 00000000 00:00 0 
7f1a14297000-7f1a14f39000 ---p 00000000 00:00 0 
7f1a14f39000-7f1a14f3b000 rw-p 00000000 00:00 0 
7f1a14f3b000-7f1a1513b000 ---p 00000000 00:00 0 
7f1a1513b000-7f1a15235000 rw-p 00000000 00:00 0 
7f1a15235000-7f1a15ed7000 ---p 00000000 00:00 0 
7f1a15ed7000-7f1a15ed9000 rw-p 00000000 00:00 0 
7f1a15ed9000-7f1a160d9000 ---p 00000000 00:00 0 
7f1a160d9000-7f1a16920000 rw-p 00000000 00:00 0 
7f1a16920000-7f1a16921000 ---p 00000000 00:00 0 
7f1a16921000-7f1a16a27000 rw-p 00000000 00:00 0 
7f1a16a27000-7f1a16b0d000 ---p 00000000 00:00 0 
7f1a16b0d000-7f1a16b1d000 rw-p 00000000 00:00 0 
7f1a16b1d000-7f1a16bf8000 ---p 00000000 00:00 0 
7f1a16bf8000-7f1a16bfd000 rw-p 00000000 00:00 0 
7f1a16bfd000-7f1a16c04000 ---p 00000000 00:00 0 
7f1a16c04000-7f1a16c06000 r--p 00000000 fd:00 24250366                   /usr/lib/jvm/java-11-openjdk-amd64/lib/libzip.so
7f1a16c06000-7f1a16c0a000 r-xp 00002000 fd:00 24250366                   /usr/lib/jvm/java-11-openjdk-amd64/lib/libzip.so
7f1a16c0a000-7f1a16c0c000 r--p 00006000 fd:00 24250366                   /usr/lib/jvm/java-11-openjdk-amd64/lib/libzip.so
7f1a16c0c000-7f1a16c0d000 r--p 00007000 fd:00 24250366                   /usr/lib/jvm/java-11-openjdk-amd64/lib/libzip.so
7f1a16c0d000-7f1a16c0e000 rw-p 00008000 fd:00 24250366                   /usr/lib/jvm/java-11-openjdk-amd64/lib/libzip.so
7f1a16c0e000-7f1a174e2000 r--s 00000000 fd:00 22810634                   /var/lib/sss/mc/passwd
7f1a174e2000-7f1a174e4000 r--p 00000000 fd:00 18352648                   /usr/lib/x86_64-linux-gnu/libnss_sss.so.2
7f1a174e4000-7f1a174eb000 r-xp 00002000 fd:00 18352648                   /usr/lib/x86_64-linux-gnu/libnss_sss.so.2
7f1a174eb000-7f1a174ed000 r--p 00009000 fd:00 18352648                   /usr/lib/x86_64-linux-gnu/libnss_sss.so.2
7f1a174ed000-7f1a174ee000 r--p 0000a000 fd:00 18352648                   /usr/lib/x86_64-linux-gnu/libnss_sss.so.2
7f1a174ee000-7f1a174ef000 rw-p 0000b000 fd:00 18352648                   /usr/lib/x86_64-linux-gnu/libnss_sss.so.2
7f1a174ef000-7f1a174f5000 r--p 00000000 fd:00 18358500                   /usr/lib/x86_64-linux-gnu/libnss_systemd.so.2
7f1a174f5000-7f1a1751b000 r-xp 00006000 fd:00 18358500                   /usr/lib/x86_64-linux-gnu/libnss_systemd.so.2
7f1a1751b000-7f1a17526000 r--p 0002c000 fd:00 18358500                   /usr/lib/x86_64-linux-gnu/libnss_systemd.so.2
7f1a17526000-7f1a17527000 ---p 00037000 fd:00 18358500                   /usr/lib/x86_64-linux-gnu/libnss_systemd.so.2
7f1a17527000-7f1a1752a000 r--p 00037000 fd:00 18358500                   /usr/lib/x86_64-linux-gnu/libnss_systemd.so.2
7f1a1752a000-7f1a1752b000 rw-p 0003a000 fd:00 18358500                   /usr/lib/x86_64-linux-gnu/libnss_systemd.so.2
7f1a1752b000-7f1a1752e000 r--p 00000000 fd:00 18358489                   /usr/lib/x86_64-linux-gnu/libnss_files-2.33.so
7f1a1752e000-7f1a17536000 r-xp 00003000 fd:00 18358489                   /usr/lib/x86_64-linux-gnu/libnss_files-2.33.so
7f1a17536000-7f1a17538000 r--p 0000b000 fd:00 18358489                   /usr/lib/x86_64-linux-gnu/libnss_files-2.33.so
7f1a17538000-7f1a17539000 r--p 0000c000 fd:00 18358489                   /usr/lib/x86_64-linux-gnu/libnss_files-2.33.so
7f1a17539000-7f1a1753a000 rw-p 0000d000 fd:00 18358489                   /usr/lib/x86_64-linux-gnu/libnss_files-2.33.so
7f1a1753a000-7f1a17540000 rw-p 00000000 00:00 0 
7f1a17541000-7f1a17542000 r--p 00000000 fd:00 18358916                   /usr/lib/x86_64-linux-gnu/libutil-2.33.so
7f1a17542000-7f1a17543000 r-xp 00001000 fd:00 18358916                   /usr/lib/x86_64-linux-gnu/libutil-2.33.so
7f1a17543000-7f1a17544000 r--p 00002000 fd:00 18358916                   /usr/lib/x86_64-linux-gnu/libutil-2.33.so
7f1a17544000-7f1a17545000 r--p 00002000 fd:00 18358916                   /usr/lib/x86_64-linux-gnu/libutil-2.33.so
7f1a17545000-7f1a17546000 rw-p 00003000 fd:00 18358916                   /usr/lib/x86_64-linux-gnu/libutil-2.33.so
7f1a17546000-7f1a1754e000 rw-s 00000000 fd:00 20976255                   /tmp/hsperfdata_lilith/39099
7f1a1754e000-7f1a1755b000 r--p 00000000 fd:00 24250346                   /usr/lib/jvm/java-11-openjdk-amd64/lib/libjava.so
7f1a1755b000-7f1a17571000 r-xp 0000d000 fd:00 24250346                   /usr/lib/jvm/java-11-openjdk-amd64/lib/libjava.so
7f1a17571000-7f1a17578000 r--p 00023000 fd:00 24250346                   /usr/lib/jvm/java-11-openjdk-amd64/lib/libjava.so
7f1a17578000-7f1a17579000 r--p 00029000 fd:00 24250346                   /usr/lib/jvm/java-11-openjdk-amd64/lib/libjava.so
7f1a17579000-7f1a1757a000 rw-p 0002a000 fd:00 24250346                   /usr/lib/jvm/java-11-openjdk-amd64/lib/libjava.so
7f1a1757a000-7f1a1757b000 rw-p 00000000 00:00 0 
7f1a1757b000-7f1a17580000 r--p 00000000 fd:00 24250365                   /usr/lib/jvm/java-11-openjdk-amd64/lib/libverify.so
7f1a17580000-7f1a17587000 r-xp 00005000 fd:00 24250365                   /usr/lib/jvm/java-11-openjdk-amd64/lib/libverify.so
7f1a17587000-7f1a17589000 r--p 0000c000 fd:00 24250365                   /usr/lib/jvm/java-11-openjdk-amd64/lib/libverify.so
7f1a17589000-7f1a1758a000 ---p 0000e000 fd:00 24250365                   /usr/lib/jvm/java-11-openjdk-amd64/lib/libverify.so
7f1a1758a000-7f1a1758c000 r--p 0000e000 fd:00 24250365                   /usr/lib/jvm/java-11-openjdk-amd64/lib/libverify.so
7f1a1758c000-7f1a1758d000 rw-p 00010000 fd:00 24250365                   /usr/lib/jvm/java-11-openjdk-amd64/lib/libverify.so
7f1a1758d000-7f1a17590000 r--p 00000000 fd:00 18358691                   /usr/lib/x86_64-linux-gnu/librt-2.33.so
7f1a17590000-7f1a17594000 r-xp 00003000 fd:00 18358691                   /usr/lib/x86_64-linux-gnu/librt-2.33.so
7f1a17594000-7f1a17596000 r--p 00007000 fd:00 18358691                   /usr/lib/x86_64-linux-gnu/librt-2.33.so
7f1a17596000-7f1a17597000 r--p 00008000 fd:00 18358691                   /usr/lib/x86_64-linux-gnu/librt-2.33.so
7f1a17597000-7f1a17598000 rw-p 00009000 fd:00 18358691                   /usr/lib/x86_64-linux-gnu/librt-2.33.so
7f1a17598000-7f1a1759c000 ---p 00000000 00:00 0 
7f1a1759c000-7f1a17699000 rw-p 00000000 00:00 0 
7f1a17699000-7f1a1769c000 r--p 00000000 fd:00 18356804                   /usr/lib/x86_64-linux-gnu/libgcc_s.so.1
7f1a1769c000-7f1a176ae000 r-xp 00003000 fd:00 18356804                   /usr/lib/x86_64-linux-gnu/libgcc_s.so.1
7f1a176ae000-7f1a176b1000 r--p 00015000 fd:00 18356804                   /usr/lib/x86_64-linux-gnu/libgcc_s.so.1
7f1a176b1000-7f1a176b2000 ---p 00018000 fd:00 18356804                   /usr/lib/x86_64-linux-gnu/libgcc_s.so.1
7f1a176b2000-7f1a176b3000 r--p 00018000 fd:00 18356804                   /usr/lib/x86_64-linux-gnu/libgcc_s.so.1
7f1a176b3000-7f1a176b4000 rw-p 00019000 fd:00 18356804                   /usr/lib/x86_64-linux-gnu/libgcc_s.so.1
7f1a176b4000-7f1a176c3000 r--p 00000000 fd:00 18358362                   /usr/lib/x86_64-linux-gnu/libm-2.33.so
7f1a176c3000-7f1a17769000 r-xp 0000f000 fd:00 18358362                   /usr/lib/x86_64-linux-gnu/libm-2.33.so
7f1a17769000-7f1a17800000 r--p 000b5000 fd:00 18358362                   /usr/lib/x86_64-linux-gnu/libm-2.33.so
7f1a17800000-7f1a17801000 r--p 0014b000 fd:00 18358362                   /usr/lib/x86_64-linux-gnu/libm-2.33.so
7f1a17801000-7f1a17802000 rw-p 0014c000 fd:00 18358362                   /usr/lib/x86_64-linux-gnu/libm-2.33.so
7f1a17802000-7f1a1789b000 r--p 00000000 fd:00 18351609                   /usr/lib/x86_64-linux-gnu/libstdc++.so.6.0.29
7f1a1789b000-7f1a1799e000 r-xp 00099000 fd:00 18351609                   /usr/lib/x86_64-linux-gnu/libstdc++.so.6.0.29
7f1a1799e000-7f1a17a0a000 r--p 0019c000 fd:00 18351609                   /usr/lib/x86_64-linux-gnu/libstdc++.so.6.0.29
7f1a17a0a000-7f1a17a15000 r--p 00207000 fd:00 18351609                   /usr/lib/x86_64-linux-gnu/libstdc++.so.6.0.29
7f1a17a15000-7f1a17a18000 rw-p 00212000 fd:00 18351609                   /usr/lib/x86_64-linux-gnu/libstdc++.so.6.0.29
7f1a17a18000-7f1a17a1b000 rw-p 00000000 00:00 0 
7f1a17a1b000-7f1a17c95000 r--p 00000000 fd:00 24384364                   /usr/lib/jvm/java-11-openjdk-amd64/lib/server/libjvm.so
7f1a17c95000-7f1a18915000 r-xp 0027a000 fd:00 24384364                   /usr/lib/jvm/java-11-openjdk-amd64/lib/server/libjvm.so
7f1a18915000-7f1a18b6e000 r--p 00efa000 fd:00 24384364                   /usr/lib/jvm/java-11-openjdk-amd64/lib/server/libjvm.so
7f1a18b6e000-7f1a18b6f000 ---p 01153000 fd:00 24384364                   /usr/lib/jvm/java-11-openjdk-amd64/lib/server/libjvm.so
7f1a18b6f000-7f1a18c30000 r--p 01153000 fd:00 24384364                   /usr/lib/jvm/java-11-openjdk-amd64/lib/server/libjvm.so
7f1a18c30000-7f1a18c6b000 rw-p 01214000 fd:00 24384364                   /usr/lib/jvm/java-11-openjdk-amd64/lib/server/libjvm.so
7f1a18c6b000-7f1a18cc4000 rw-p 00000000 00:00 0 
7f1a18cc4000-7f1a18ccb000 r--p 00000000 fd:00 18358633                   /usr/lib/x86_64-linux-gnu/libpthread-2.33.so
7f1a18ccb000-7f1a18cdb000 r-xp 00007000 fd:00 18358633                   /usr/lib/x86_64-linux-gnu/libpthread-2.33.so
7f1a18cdb000-7f1a18ce0000 r--p 00017000 fd:00 18358633                   /usr/lib/x86_64-linux-gnu/libpthread-2.33.so
7f1a18ce0000-7f1a18ce1000 r--p 0001b000 fd:00 18358633                   /usr/lib/x86_64-linux-gnu/libpthread-2.33.so
7f1a18ce1000-7f1a18ce2000 rw-p 0001c000 fd:00 18358633                   /usr/lib/x86_64-linux-gnu/libpthread-2.33.so
7f1a18ce2000-7f1a18ce6000 rw-p 00000000 00:00 0 
7f1a18ce6000-7f1a18ce8000 r--p 00000000 fd:00 18357845                   /usr/lib/x86_64-linux-gnu/libdl-2.33.so
7f1a18ce8000-7f1a18cea000 r-xp 00002000 fd:00 18357845                   /usr/lib/x86_64-linux-gnu/libdl-2.33.so
7f1a18cea000-7f1a18ceb000 r--p 00004000 fd:00 18357845                   /usr/lib/x86_64-linux-gnu/libdl-2.33.so
7f1a18ceb000-7f1a18cec000 r--p 00004000 fd:00 18357845                   /usr/lib/x86_64-linux-gnu/libdl-2.33.so
7f1a18cec000-7f1a18ced000 rw-p 00005000 fd:00 18357845                   /usr/lib/x86_64-linux-gnu/libdl-2.33.so
7f1a18ced000-7f1a18cef000 r--p 00000000 fd:00 18359078                   /usr/lib/x86_64-linux-gnu/libz.so.1.2.11
7f1a18cef000-7f1a18d00000 r-xp 00002000 fd:00 18359078                   /usr/lib/x86_64-linux-gnu/libz.so.1.2.11
7f1a18d00000-7f1a18d06000 r--p 00013000 fd:00 18359078                   /usr/lib/x86_64-linux-gnu/libz.so.1.2.11
7f1a18d06000-7f1a18d07000 ---p 00019000 fd:00 18359078                   /usr/lib/x86_64-linux-gnu/libz.so.1.2.11
7f1a18d07000-7f1a18d08000 r--p 00019000 fd:00 18359078                   /usr/lib/x86_64-linux-gnu/libz.so.1.2.11
7f1a18d08000-7f1a18d09000 rw-p 0001a000 fd:00 18359078                   /usr/lib/x86_64-linux-gnu/libz.so.1.2.11
7f1a18d09000-7f1a18d2f000 r--p 00000000 fd:00 18357701                   /usr/lib/x86_64-linux-gnu/libc-2.33.so
7f1a18d2f000-7f1a18e9a000 r-xp 00026000 fd:00 18357701                   /usr/lib/x86_64-linux-gnu/libc-2.33.so
7f1a18e9a000-7f1a18ee6000 r--p 00191000 fd:00 18357701                   /usr/lib/x86_64-linux-gnu/libc-2.33.so
7f1a18ee6000-7f1a18ee9000 r--p 001dc000 fd:00 18357701                   /usr/lib/x86_64-linux-gnu/libc-2.33.so
7f1a18ee9000-7f1a18eec000 rw-p 001df000 fd:00 18357701                   /usr/lib/x86_64-linux-gnu/libc-2.33.so
7f1a18eec000-7f1a18ef5000 rw-p 00000000 00:00 0 
7f1a18ef6000-7f1a18ef8000 r--s 0000c000 fd:00 19137960                   /usr/share/java/java-atk-wrapper.jar
7f1a18ef8000-7f1a18ef9000 ---p 00000000 00:00 0 
7f1a18ef9000-7f1a18efa000 r--p 00000000 00:00 0 
7f1a18efa000-7f1a18efc000 r--p 00000000 fd:00 24250349                   /usr/lib/jvm/java-11-openjdk-amd64/lib/libjimage.so
7f1a18efc000-7f1a18eff000 r-xp 00002000 fd:00 24250349                   /usr/lib/jvm/java-11-openjdk-amd64/lib/libjimage.so
7f1a18eff000-7f1a18f01000 r--p 00005000 fd:00 24250349                   /usr/lib/jvm/java-11-openjdk-amd64/lib/libjimage.so
7f1a18f01000-7f1a18f02000 r--p 00006000 fd:00 24250349                   /usr/lib/jvm/java-11-openjdk-amd64/lib/libjimage.so
7f1a18f02000-7f1a18f03000 rw-p 00007000 fd:00 24250349                   /usr/lib/jvm/java-11-openjdk-amd64/lib/libjimage.so
7f1a18f03000-7f1a18f06000 r--p 00000000 fd:00 24250331                   /usr/lib/jvm/java-11-openjdk-amd64/lib/jli/libjli.so
7f1a18f06000-7f1a18f10000 r-xp 00003000 fd:00 24250331                   /usr/lib/jvm/java-11-openjdk-amd64/lib/jli/libjli.so
7f1a18f10000-7f1a18f13000 r--p 0000d000 fd:00 24250331                   /usr/lib/jvm/java-11-openjdk-amd64/lib/jli/libjli.so
7f1a18f13000-7f1a18f14000 ---p 00010000 fd:00 24250331                   /usr/lib/jvm/java-11-openjdk-amd64/lib/jli/libjli.so
7f1a18f14000-7f1a18f15000 r--p 00010000 fd:00 24250331                   /usr/lib/jvm/java-11-openjdk-amd64/lib/jli/libjli.so
7f1a18f15000-7f1a18f16000 rw-p 00011000 fd:00 24250331                   /usr/lib/jvm/java-11-openjdk-amd64/lib/jli/libjli.so
7f1a18f16000-7f1a18f18000 rw-p 00000000 00:00 0 
7f1a18f18000-7f1a18f19000 r--p 00000000 fd:00 18357483                   /usr/lib/x86_64-linux-gnu/ld-2.33.so
7f1a18f19000-7f1a18f40000 r-xp 00001000 fd:00 18357483                   /usr/lib/x86_64-linux-gnu/ld-2.33.so
7f1a18f40000-7f1a18f4a000 r--p 00028000 fd:00 18357483                   /usr/lib/x86_64-linux-gnu/ld-2.33.so
7f1a18f4a000-7f1a18f4c000 r--p 00031000 fd:00 18357483                   /usr/lib/x86_64-linux-gnu/ld-2.33.so
7f1a18f4c000-7f1a18f4e000 rw-p 00033000 fd:00 18357483                   /usr/lib/x86_64-linux-gnu/ld-2.33.so
7ffe6fab9000-7ffe6fada000 rw-p 00000000 00:00 0                          [stack]
7ffe6fb17000-7ffe6fb1b000 r--p 00000000 00:00 0                          [vvar]
7ffe6fb1b000-7ffe6fb1d000 r-xp 00000000 00:00 0                          [vdso]
ffffffffff600000-ffffffffff601000 --xp 00000000 00:00 0                  [vsyscall]


VM Arguments:
jvm_args: -Dclassworlds.conf=/snap/netbeans/45/netbeans/java/maven/bin/m2.conf -Dmaven.home=/snap/netbeans/45/netbeans/java/maven -Dlibrary.jansi.path=/snap/netbeans/45/netbeans/java/maven/lib/jansi-native -Dmaven.multiModuleProjectDirectory=/home/lilith/NetBeansProjects/hospital_contact 
java_command: org.codehaus.plexus.classworlds.launcher.Launcher -Dexec.args=-classpath %classpath hospital.Contact -Dexec.executable=/usr/lib/jvm/java-11-openjdk-amd64/bin/java -Dmaven.ext.class.path=/snap/netbeans/45/netbeans/java/maven-nblib/netbeans-eventspy.jar org.codehaus.mojo:exec-maven-plugin:3.0.0:exec
java_class_path (initial): /snap/netbeans/45/netbeans/java/maven/boot/plexus-classworlds-2.6.0.jar
Launcher Type: SUN_STANDARD

[Global flags]
     intx CICompilerCount                          = 4                                         {product} {ergonomic}
     uint ConcGCThreads                            = 2                                         {product} {ergonomic}
     uint G1ConcRefinementThreads                  = 8                                         {product} {ergonomic}
   size_t G1HeapRegionSize                         = 2097152                                   {product} {ergonomic}
    uintx GCDrainStackTargetSize                   = 64                                        {product} {ergonomic}
   size_t InitialHeapSize                          = 524288000                                 {product} {ergonomic}
   size_t MarkStackSize                            = 4194304                                   {product} {ergonomic}
   size_t MaxHeapSize                              = 8384413696                                {product} {ergonomic}
   size_t MaxNewSize                               = 5028970496                                {product} {ergonomic}
   size_t MinHeapDeltaBytes                        = 2097152                                   {product} {ergonomic}
    uintx NonNMethodCodeHeapSize                   = 5836300                                {pd product} {ergonomic}
    uintx NonProfiledCodeHeapSize                  = 122910970                              {pd product} {ergonomic}
    uintx ProfiledCodeHeapSize                     = 122910970                              {pd product} {ergonomic}
    uintx ReservedCodeCacheSize                    = 251658240                              {pd product} {ergonomic}
     bool SegmentedCodeCache                       = true                                      {product} {ergonomic}
     bool UseCompressedClassPointers               = true                                 {lp64_product} {ergonomic}
     bool UseCompressedOops                        = true                                 {lp64_product} {ergonomic}
     bool UseG1GC                                  = true                                      {product} {ergonomic}

Logging:
Log output configuration:
 #0: stdout all=warning uptime,level,tags
 #1: stderr all=off uptime,level,tags

Environment Variables:
JAVA_HOME=/usr/lib/jvm/java-11-openjdk-amd64
PATH=/usr/local/sbin:/usr/local/bin:/usr/sbin:/usr/bin:/sbin:/bin:/usr/games:/usr/local/games:/snap/bin:/snap/bin
USERNAME=lilith
SHELL=/bin/bash
DISPLAY=:0
LANG=en_US.UTF-8

Signal Handlers:
SIGSEGV: [libjvm.so+0xe874c0], sa_mask[0]=11111111011111111101111111111110, sa_flags=SA_RESTART|SA_SIGINFO
SIGBUS: [libjvm.so+0xe874c0], sa_mask[0]=11111111011111111101111111111110, sa_flags=SA_RESTART|SA_SIGINFO
SIGFPE: [libjvm.so+0xe874c0], sa_mask[0]=11111111011111111101111111111110, sa_flags=SA_RESTART|SA_SIGINFO
SIGPIPE: [libjvm.so+0xbcdfe0], sa_mask[0]=11111111011111111101111111111110, sa_flags=SA_RESTART|SA_SIGINFO
SIGXFSZ: [libjvm.so+0xbcdfe0], sa_mask[0]=11111111011111111101111111111110, sa_flags=SA_RESTART|SA_SIGINFO
SIGILL: [libjvm.so+0xe874c0], sa_mask[0]=11111111011111111101111111111110, sa_flags=SA_RESTART|SA_SIGINFO
SIGUSR2: [libjvm.so+0xbcde80], sa_mask[0]=00100000000000000000000000000000, sa_flags=SA_RESTART|SA_SIGINFO
SIGHUP: [libjvm.so+0xbce410], sa_mask[0]=11111111011111111101111111111110, sa_flags=SA_RESTART|SA_SIGINFO
SIGINT: SIG_IGN, sa_mask[0]=00000000000000000000000000000000, sa_flags=none
SIGTERM: [libjvm.so+0xbce410], sa_mask[0]=11111111011111111101111111111110, sa_flags=SA_RESTART|SA_SIGINFO
SIGQUIT: [libjvm.so+0xbce410], sa_mask[0]=11111111011111111101111111111110, sa_flags=SA_RESTART|SA_SIGINFO


---------------  S Y S T E M  ---------------

OS:DISTRIB_ID=Ubuntu
DISTRIB_RELEASE=21.04
DISTRIB_CODENAME=hirsute
DISTRIB_DESCRIPTION="Ubuntu 21.04"
uname:Linux 5.11.0-17-generic #18-Ubuntu SMP Thu May 6 20:10:11 UTC 2021 x86_64
OS uptime: 0 days 0:12 hours
libc:glibc 2.33 NPTL 2.33 
rlimit (soft/hard): STACK 8192k/infinity , CORE 0k/infinity , NPROC 127655/127655 , NOFILE 1048576/1048576 , AS infinity/infinity , CPU infinity/infinity , DATA infinity/infinity , FSIZE infinity/infinity , MEMLOCK 4093858k/4093858k
load average:1.04 1.68 1.55

/proc/meminfo:
MemTotal:       32750864 kB
MemFree:        25575488 kB
MemAvailable:   27837116 kB
Buffers:          110176 kB
Cached:          2916220 kB
SwapCached:            0 kB
Active:           982956 kB
Inactive:        5426996 kB
Active(anon):       3480 kB
Inactive(anon):  3840740 kB
Active(file):     979476 kB
Inactive(file):  1586256 kB
Unevictable:      317452 kB
Mlocked:              32 kB
SwapTotal:      33554428 kB
SwapFree:       33554428 kB
Dirty:                92 kB
Writeback:             0 kB
AnonPages:       3701184 kB
Mapped:           773864 kB
Shmem:            463432 kB
KReclaimable:     130568 kB
Slab:             253240 kB
SReclaimable:     130568 kB
SUnreclaim:       122672 kB
KernelStack:       17712 kB
PageTables:        36480 kB
NFS_Unstable:          0 kB
Bounce:                0 kB
WritebackTmp:          0 kB
CommitLimit:    49929860 kB
Committed_AS:   12912784 kB
VmallocTotal:   34359738367 kB
VmallocUsed:       53752 kB
VmallocChunk:          0 kB
Percpu:             6880 kB
HardwareCorrupted:     0 kB
AnonHugePages:         0 kB
ShmemHugePages:        0 kB
ShmemPmdMapped:        0 kB
FileHugePages:         0 kB
FilePmdMapped:         0 kB
HugePages_Total:       0
HugePages_Free:        0
HugePages_Rsvd:        0
HugePages_Surp:        0
Hugepagesize:       2048 kB
Hugetlb:               0 kB
DirectMap4k:      317616 kB
DirectMap2M:    10041344 kB
DirectMap1G:    23068672 kB

/sys/kernel/mm/transparent_hugepage/enabled:
always [madvise] never
/sys/kernel/mm/transparent_hugepage/defrag (defrag/compaction efforts parameter):
always defer defer+madvise [madvise] never

Process Memory:
Virtual Size: 11993356K (peak: 19866320K)
Resident Set Size: 256820K (peak: 265712K) (anon: 228608K, file: 28212K, shmem: 0K)
Swapped out: 0K
C-Heap outstanding allocations: 13283K

/proc/sys/kernel/threads-max (system-wide limit on the number of threads):
255311
/proc/sys/vm/max_map_count (maximum number of memory map areas a process may have):
65530
/proc/sys/kernel/pid_max (system-wide limit on number of process identifiers):
4194304

container (cgroup) information:
container_type: cgroupv1
cpu_cpuset_cpus: 0-7
cpu_memory_nodes: 0
active_processor_count: 8
cpu_quota: -1
cpu_period: 100000
cpu_shares: -1
memory_limit_in_bytes: -1
memory_and_swap_limit_in_bytes: -1
memory_soft_limit_in_bytes: -1
memory_usage_in_bytes: 4276654080
memory_max_usage_in_bytes: 4675608576

Steal ticks since vm start: 0
Steal ticks percentage since vm start:  0.000

CPU:total 8 (initial active 8) (4 cores per cpu, 2 threads per core) family 6 model 158 stepping 9 microcode 0xde, cmov, cx8, fxsr, mmx, sse, sse2, sse3, ssse3, sse4.1, sse4.2, popcnt, avx, avx2, aes, clmul, erms, rtm, 3dnowpref, lzcnt, ht, tsc, tscinvbit, bmi1, bmi2, adx, fma
CPU Model and flags from /proc/cpuinfo:
model name	: Intel(R) Core(TM) i7-7820HQ CPU @ 2.90GHz
flags		: fpu vme de pse tsc msr pae mce cx8 apic sep mtrr pge mca cmov pat pse36 clflush dts acpi mmx fxsr sse sse2 ss ht tm pbe syscall nx pdpe1gb rdtscp lm constant_tsc art arch_perfmon pebs bts rep_good nopl xtopology nonstop_tsc cpuid aperfmperf pni pclmulqdq dtes64 monitor ds_cpl vmx smx est tm2 ssse3 sdbg fma cx16 xtpr pdcm pcid sse4_1 sse4_2 x2apic movbe popcnt tsc_deadline_timer aes xsave avx f16c rdrand lahf_lm abm 3dnowprefetch cpuid_fault epb invpcid_single pti ssbd ibrs ibpb stibp tpr_shadow vnmi flexpriority ept vpid ept_ad fsgsbase tsc_adjust bmi1 hle avx2 smep bmi2 erms invpcid rtm mpx rdseed adx smap clflushopt intel_pt xsaveopt xsavec xgetbv1 xsaves dtherm ida arat pln pts hwp hwp_notify hwp_act_window hwp_epp md_clear flush_l1d
Online cpus:
0-7
Offline cpus:

BIOS frequency limitation:
<Not Available>
Frequency switch latency (ns):
0
Available cpu frequencies:
<Not Available>
Current governor:
powersave
Core performance/turbo boost:
<Not Available>

Memory: 4k page, physical 32750864k(25575488k free), swap 33554428k(33554428k free)

vm_info: OpenJDK 64-Bit Server VM (11.0.11+9-Ubuntu-0ubuntu2) for linux-amd64 JRE (11.0.11+9-Ubuntu-0ubuntu2), built on Apr 21 2021 08:55:38 by "unknown" with gcc 10.3.0

END.
